Using pre-set license
Built from '2021.3/evg/staging/82bb020e-b03b1330/draft-0' branch; Version is '2021.3.16f1 (4016570cf34f) revision 4200023'; Using compiler version '192829333'; Build Type 'Release'
OS: 'Windows 11  (10.0.26100) 64bit Core' Language: 'en' Physical Memory: 16301 MB
BatchMode: 1, IsHumanControllingUs: 0, StartBugReporterOnCrash: 0, Is64bit: 1, IsPro: 1

COMMAND LINE ARGUMENTS:
C:\Program Files\Unity\Hub\Editor\2021.3.16f1\Editor\Unity.exe
-adb2
-batchMode
-noUpm
-name
AssetImportWorker1
-projectPath
C:/Users/dbasp/VainSabers asset creation
-logFile
Logs/AssetImportWorker1.log
-srvPort
59698
Successfully changed project path to: C:/Users/dbasp/VainSabers asset creation
C:/Users/dbasp/VainSabers asset creation
[UnityMemory] Configuration Parameters - Can be set up in boot.config
    "memorysetup-bucket-allocator-granularity=16"
    "memorysetup-bucket-allocator-bucket-count=8"
    "memorysetup-bucket-allocator-block-size=33554432"
    "memorysetup-bucket-allocator-block-count=8"
    "memorysetup-main-allocator-block-size=16777216"
    "memorysetup-thread-allocator-block-size=16777216"
    "memorysetup-gfx-main-allocator-block-size=16777216"
    "memorysetup-gfx-thread-allocator-block-size=16777216"
    "memorysetup-cache-allocator-block-size=4194304"
    "memorysetup-typetree-allocator-block-size=2097152"
    "memorysetup-profiler-bucket-allocator-granularity=16"
    "memorysetup-profiler-bucket-allocator-bucket-count=8"
    "memorysetup-profiler-bucket-allocator-block-size=33554432"
    "memorysetup-profiler-bucket-allocator-block-count=8"
    "memorysetup-profiler-allocator-block-size=16777216"
    "memorysetup-profiler-editor-allocator-block-size=1048576"
    "memorysetup-temp-allocator-size-main=16777216"
    "memorysetup-job-temp-allocator-block-size=2097152"
    "memorysetup-job-temp-allocator-block-size-background=1048576"
    "memorysetup-job-temp-allocator-reduction-small-platforms=262144"
    "memorysetup-temp-allocator-size-background-worker=32768"
    "memorysetup-temp-allocator-size-job-worker=262144"
    "memorysetup-temp-allocator-size-preload-manager=33554432"
    "memorysetup-temp-allocator-size-nav-mesh-worker=65536"
    "memorysetup-temp-allocator-size-audio-worker=65536"
    "memorysetup-temp-allocator-size-cloud-worker=32768"
    "memorysetup-temp-allocator-size-gi-baking-worker=262144"
    "memorysetup-temp-allocator-size-gfx=262144"
Player connection [20764] Host "[IP] 192.168.1.184 [Port] 0 [Flags] 2 [Guid] 379861836 [EditorId] 379861836 [Version] 1048832 [Id] WindowsEditor(7,Vainstains2) [Debug] 1 [PackageName] WindowsEditor [ProjectName] Editor" joined multi-casting on [225.0.0.222:54997]...

Player connection [20764] Host "[IP] 192.168.1.184 [Port] 0 [Flags] 2 [Guid] 379861836 [EditorId] 379861836 [Version] 1048832 [Id] WindowsEditor(7,Vainstains2) [Debug] 1 [PackageName] WindowsEditor [ProjectName] Editor" joined alternative multi-casting on [225.0.0.222:34997]...

Refreshing native plugins compatible for Editor in 94.83 ms, found 3 plugins.
Preloading 0 native plugins for Editor in 0.00 ms.
Initialize engine version: 2021.3.16f1 (4016570cf34f)
[Subsystems] Discovering subsystems at path C:/Program Files/Unity/Hub/Editor/2021.3.16f1/Editor/Data/Resources/UnitySubsystems
[Subsystems] Discovering subsystems at path C:/Users/dbasp/VainSabers asset creation/Assets
GfxDevice: creating device client; threaded=0; jobified=0
Direct3D:
    Version:  Direct3D 11.0 [level 11.1]
    Renderer: NVIDIA GeForce RTX 2060 SUPER (ID=0x1f06)
    Vendor:   NVIDIA
    VRAM:     8006 MB
    Driver:   32.0.15.6094
Initialize mono
Mono path[0] = 'C:/Program Files/Unity/Hub/Editor/2021.3.16f1/Editor/Data/Managed'
Mono path[1] = 'C:/Program Files/Unity/Hub/Editor/2021.3.16f1/Editor/Data/MonoBleedingEdge/lib/mono/unityjit-win32'
Mono config path = 'C:/Program Files/Unity/Hub/Editor/2021.3.16f1/Editor/Data/MonoBleedingEdge/etc'
Using monoOptions --debugger-agent=transport=dt_socket,embedding=1,server=y,suspend=n,address=127.0.0.1:56628
Begin MonoManager ReloadAssembly
Registering precompiled unity dll's ...
Register platform support module: C:/Program Files/Unity/Hub/Editor/2021.3.16f1/Editor/Data/PlaybackEngines/WindowsStandaloneSupport/UnityEditor.WindowsStandalone.Extensions.dll
Registered in 0.017753 seconds.
Native extension for WindowsStandalone target not found
Refreshing native plugins compatible for Editor in 89.73 ms, found 3 plugins.
Preloading 0 native plugins for Editor in 0.00 ms.
Mono: successfully reloaded assembly
- Completed reload, in  1.150 seconds
Domain Reload Profiling:
	ReloadAssembly (1151ms)
		BeginReloadAssembly (450ms)
			ExecutionOrderSort (0ms)
			DisableScriptedObjects (0ms)
			BackupInstance (0ms)
			ReleaseScriptingObjects (0ms)
			CreateAndSetChildDomain (1ms)
		EndReloadAssembly (557ms)
			LoadAssemblies (440ms)
			RebuildTransferFunctionScriptingTraits (0ms)
			SetupTypeCache (128ms)
			ReleaseScriptCaches (0ms)
			RebuildScriptCaches (39ms)
			SetupLoadedEditorAssemblies (327ms)
				LogAssemblyErrors (0ms)
				InitializePlatformSupportModulesInManaged (10ms)
				SetLoadedEditorAssemblies (0ms)
				RefreshPlugins (90ms)
				BeforeProcessingInitializeOnLoad (2ms)
				ProcessInitializeOnLoadAttributes (170ms)
				ProcessInitializeOnLoadMethodAttributes (56ms)
				AfterProcessingInitializeOnLoad (0ms)
				EditorAssembliesLoaded (0ms)
			ExecutionOrderSort2 (0ms)
			AwakeInstancesAfterBackupRestoration (0ms)
Platform modules already initialized, skipping
Registering precompiled user dll's ...
Registered in 0.007960 seconds.
Begin MonoManager ReloadAssembly
Symbol file LoadedFromMemory doesn't match image C:\Users\dbasp\VainSabers asset creation\Library\PackageCache\com.unity.visualscripting@1.7.8\Editor\VisualScripting.Core\Dependencies\YamlDotNet\Unity.VisualScripting.YamlDotNet.dll
Symbol file LoadedFromMemory doesn't match image C:\Users\dbasp\VainSabers asset creation\Library\PackageCache\com.unity.visualscripting@1.7.8\Editor\VisualScripting.Core\Dependencies\DotNetZip\Unity.VisualScripting.IonicZip.dll
Native extension for WindowsStandalone target not found
Refreshing native plugins compatible for Editor in 0.65 ms, found 3 plugins.
Preloading 0 native plugins for Editor in 0.00 ms.
Mono: successfully reloaded assembly
- Completed reload, in  1.612 seconds
Domain Reload Profiling:
	ReloadAssembly (1613ms)
		BeginReloadAssembly (135ms)
			ExecutionOrderSort (0ms)
			DisableScriptedObjects (7ms)
			BackupInstance (0ms)
			ReleaseScriptingObjects (0ms)
			CreateAndSetChildDomain (24ms)
		EndReloadAssembly (1338ms)
			LoadAssemblies (433ms)
			RebuildTransferFunctionScriptingTraits (0ms)
			SetupTypeCache (303ms)
			ReleaseScriptCaches (1ms)
			RebuildScriptCaches (72ms)
			SetupLoadedEditorAssemblies (478ms)
				LogAssemblyErrors (0ms)
				InitializePlatformSupportModulesInManaged (7ms)
				SetLoadedEditorAssemblies (1ms)
				RefreshPlugins (1ms)
				BeforeProcessingInitializeOnLoad (113ms)
				ProcessInitializeOnLoadAttributes (302ms)
				ProcessInitializeOnLoadMethodAttributes (44ms)
				AfterProcessingInitializeOnLoad (11ms)
				EditorAssembliesLoaded (0ms)
			ExecutionOrderSort2 (0ms)
			AwakeInstancesAfterBackupRestoration (8ms)
Platform modules already initialized, skipping
========================================================================
Worker process is ready to serve import requests
Launched and connected shader compiler UnityShaderCompiler.exe after 0.08 seconds
Refreshing native plugins compatible for Editor in 0.81 ms, found 3 plugins.
Preloading 0 native plugins for Editor in 0.00 ms.
Unloading 3393 Unused Serialized files (Serialized files now loaded: 0)
Unloading 25 unused Assets / (56.1 KB). Loaded Objects now: 3858.
Memory consumption went from 118.7 MB to 118.6 MB.
Total: 5.994000 ms (FindLiveObjects: 0.645800 ms CreateObjectMapping: 0.468300 ms MarkObjects: 4.705400 ms  DeleteObjects: 0.172300 ms)

AssetImportParameters requested are different than current active one (requested -> active):
  custom:video-decoder-ogg-theora: a1e56fd34408186e4bbccfd4996cb3dc -> 
  custom:container-muxer-webm: aa71ff27fc2769a1b78a27578f13a17b -> 
  custom:container-demuxer-webm: 4f35f7cbe854078d1ac9338744f61a02 -> 
  custom:video-encoder-webm-vp8: eb34c28f22e8b96e1ab97ce403110664 -> 
  custom:video-codec-MediaFoundation-h265: 746d11721c4dcdbdad8f713fa42b33f4 -> 
  custom:audio-encoder-webm-vorbis: bf7c407c2cedff20999df2af8eb42d56 -> 
  custom:framework-win-MediaFoundation: 216162199b28c13a410421893ffa2e32 -> 
  custom:container-demuxer-ogg: 62fdf1f143b41e24485cea50d1cbac27 -> 
  custom:video-decoder-webm-vp8: 9c59270c3fd7afecdb556c50c9e8de78 -> 
  custom:audio-decoder-ogg-vorbis: bf7c407c2cedff20999df2af8eb42d56 -> 
========================================================================
Received Import Request.
  Time since last request: 19732.867453 seconds.
  path: Assets/VainSabers/BlurPart.cginc
  artifactKey: Guid(021e30a3a10b4ddc9c6fd333516f5e21) Importer(815301076,1909f56bfc062723c751e8b465ee728b)
Start importing Assets/VainSabers/BlurPart.cginc using Guid(021e30a3a10b4ddc9c6fd333516f5e21) Importer(815301076,1909f56bfc062723c751e8b465ee728b)  -> (artifact id: '6f6c2287f81035f2e9c3edec683eb62d') in 0.094515 seconds 
========================================================================
Received Import Request.
  Time since last request: 0.000035 seconds.
  path: Assets/VainSabers/Saber.mat
  artifactKey: Guid(19f8b4960e2902543b79b32c3c395bef) Importer(815301076,1909f56bfc062723c751e8b465ee728b)
Start importing Assets/VainSabers/Saber.mat using Guid(19f8b4960e2902543b79b32c3c395bef) Importer(815301076,1909f56bfc062723c751e8b465ee728b)  -> (artifact id: '678a2c16102c7e96de226d16bd18c55d') in 0.111945 seconds 
========================================================================
Received Import Request.
  Time since last request: 0.000033 seconds.
  path: Assets/VainSabers/SaberLit.mat
  artifactKey: Guid(d5edf0f459aa3c64e9ca9d4a1e4e087f) Importer(815301076,1909f56bfc062723c751e8b465ee728b)
Start importing Assets/VainSabers/SaberLit.mat using Guid(d5edf0f459aa3c64e9ca9d4a1e4e087f) Importer(815301076,1909f56bfc062723c751e8b465ee728b)  -> (artifact id: '1af97520614217c4a316fee9a673a593') in 0.020662 seconds 
========================================================================
Received Import Request.
  Time since last request: 36.739122 seconds.
  path: Assets/VainSabers/Saber.mat
  artifactKey: Guid(19f8b4960e2902543b79b32c3c395bef) Importer(815301076,1909f56bfc062723c751e8b465ee728b)
Start importing Assets/VainSabers/Saber.mat using Guid(19f8b4960e2902543b79b32c3c395bef) Importer(815301076,1909f56bfc062723c751e8b465ee728b)  -> (artifact id: 'b3fb38d201e10bae69eff57b07dd51d0') in 0.011820 seconds 
========================================================================
Received Import Request.
  Time since last request: 0.000024 seconds.
  path: Assets/VainSabers/SaberLit.mat
  artifactKey: Guid(d5edf0f459aa3c64e9ca9d4a1e4e087f) Importer(815301076,1909f56bfc062723c751e8b465ee728b)
Start importing Assets/VainSabers/SaberLit.mat using Guid(d5edf0f459aa3c64e9ca9d4a1e4e087f) Importer(815301076,1909f56bfc062723c751e8b465ee728b)  -> (artifact id: '79de51289c22be39bee3f4e951e2b520') in 0.037305 seconds 
========================================================================
Received Import Request.
  Time since last request: 15.354550 seconds.
  path: Assets/VainSabers/Saber.mat
  artifactKey: Guid(19f8b4960e2902543b79b32c3c395bef) Importer(815301076,1909f56bfc062723c751e8b465ee728b)
Start importing Assets/VainSabers/Saber.mat using Guid(19f8b4960e2902543b79b32c3c395bef) Importer(815301076,1909f56bfc062723c751e8b465ee728b)  -> (artifact id: 'bedf0a20005ed7411caed5605bac5bfc') in 0.021619 seconds 
========================================================================
Received Import Request.
  Time since last request: 0.000022 seconds.
  path: Assets/VainSabers/SaberLit.mat
  artifactKey: Guid(d5edf0f459aa3c64e9ca9d4a1e4e087f) Importer(815301076,1909f56bfc062723c751e8b465ee728b)
Start importing Assets/VainSabers/SaberLit.mat using Guid(d5edf0f459aa3c64e9ca9d4a1e4e087f) Importer(815301076,1909f56bfc062723c751e8b465ee728b)  -> (artifact id: 'e8a01484ffc576f816f85ae1ae56a3b6') in 0.011028 seconds 
========================================================================
Received Import Request.
  Time since last request: 15.459543 seconds.
  path: Assets/VainSabers/Saber.mat
  artifactKey: Guid(19f8b4960e2902543b79b32c3c395bef) Importer(815301076,1909f56bfc062723c751e8b465ee728b)
Start importing Assets/VainSabers/Saber.mat using Guid(19f8b4960e2902543b79b32c3c395bef) Importer(815301076,1909f56bfc062723c751e8b465ee728b)  -> (artifact id: '18477e84179365e49450315c5745af9f') in 0.019569 seconds 
========================================================================
Received Import Request.
  Time since last request: 0.000030 seconds.
  path: Assets/VainSabers/SaberLit.mat
  artifactKey: Guid(d5edf0f459aa3c64e9ca9d4a1e4e087f) Importer(815301076,1909f56bfc062723c751e8b465ee728b)
Start importing Assets/VainSabers/SaberLit.mat using Guid(d5edf0f459aa3c64e9ca9d4a1e4e087f) Importer(815301076,1909f56bfc062723c751e8b465ee728b)  -> (artifact id: 'f1da481e8fedf35f6d1a132778d4516a') in 0.010004 seconds 
========================================================================
Received Import Request.
  Time since last request: 20.966035 seconds.
  path: Assets/VainSabers/Saber.mat
  artifactKey: Guid(19f8b4960e2902543b79b32c3c395bef) Importer(815301076,1909f56bfc062723c751e8b465ee728b)
Start importing Assets/VainSabers/Saber.mat using Guid(19f8b4960e2902543b79b32c3c395bef) Importer(815301076,1909f56bfc062723c751e8b465ee728b)  -> (artifact id: '0190749b442ddb50061f11e8fa502e37') in 0.034705 seconds 
========================================================================
Received Import Request.
  Time since last request: 0.000047 seconds.
  path: Assets/VainSabers/SaberLit.mat
  artifactKey: Guid(d5edf0f459aa3c64e9ca9d4a1e4e087f) Importer(815301076,1909f56bfc062723c751e8b465ee728b)
Start importing Assets/VainSabers/SaberLit.mat using Guid(d5edf0f459aa3c64e9ca9d4a1e4e087f) Importer(815301076,1909f56bfc062723c751e8b465ee728b)  -> (artifact id: 'f99b74843f1ed5241ebc33c7c70f0026') in 0.013208 seconds 
========================================================================
Received Import Request.
  Time since last request: 5.616137 seconds.
  path: Assets/VainSabers/Saber.mat
  artifactKey: Guid(19f8b4960e2902543b79b32c3c395bef) Importer(815301076,1909f56bfc062723c751e8b465ee728b)
Start importing Assets/VainSabers/Saber.mat using Guid(19f8b4960e2902543b79b32c3c395bef) Importer(815301076,1909f56bfc062723c751e8b465ee728b)  -> (artifact id: '35e850b2539df1f30619ef59c8978b70') in 0.011610 seconds 
========================================================================
Received Import Request.
  Time since last request: 0.000030 seconds.
  path: Assets/VainSabers/SaberLit.mat
  artifactKey: Guid(d5edf0f459aa3c64e9ca9d4a1e4e087f) Importer(815301076,1909f56bfc062723c751e8b465ee728b)
Start importing Assets/VainSabers/SaberLit.mat using Guid(d5edf0f459aa3c64e9ca9d4a1e4e087f) Importer(815301076,1909f56bfc062723c751e8b465ee728b)  -> (artifact id: 'c2b306c66e91654d6eb09111aeeca926') in 0.010609 seconds 
========================================================================
Received Import Request.
  Time since last request: 8.975834 seconds.
  path: Assets/VainSabers/Saber.mat
  artifactKey: Guid(19f8b4960e2902543b79b32c3c395bef) Importer(815301076,1909f56bfc062723c751e8b465ee728b)
Start importing Assets/VainSabers/Saber.mat using Guid(19f8b4960e2902543b79b32c3c395bef) Importer(815301076,1909f56bfc062723c751e8b465ee728b)  -> (artifact id: '5a7cac431952994d0faf13b48bfb6b6d') in 0.013089 seconds 
========================================================================
Received Import Request.
  Time since last request: 0.000026 seconds.
  path: Assets/VainSabers/SaberLit.mat
  artifactKey: Guid(d5edf0f459aa3c64e9ca9d4a1e4e087f) Importer(815301076,1909f56bfc062723c751e8b465ee728b)
Start importing Assets/VainSabers/SaberLit.mat using Guid(d5edf0f459aa3c64e9ca9d4a1e4e087f) Importer(815301076,1909f56bfc062723c751e8b465ee728b)  -> (artifact id: '72ac7adec61df3ef0e186b6908a3b88f') in 0.053511 seconds 
========================================================================
Received Import Request.
  Time since last request: 48.897830 seconds.
  path: Assets/VainSabers/Saber.mat
  artifactKey: Guid(19f8b4960e2902543b79b32c3c395bef) Importer(815301076,1909f56bfc062723c751e8b465ee728b)
Start importing Assets/VainSabers/Saber.mat using Guid(19f8b4960e2902543b79b32c3c395bef) Importer(815301076,1909f56bfc062723c751e8b465ee728b)  -> (artifact id: 'b94873da3a0bbe224d57e8c83b6aea30') in 0.013023 seconds 
========================================================================
Received Import Request.
  Time since last request: 0.000023 seconds.
  path: Assets/VainSabers/SaberLit.mat
  artifactKey: Guid(d5edf0f459aa3c64e9ca9d4a1e4e087f) Importer(815301076,1909f56bfc062723c751e8b465ee728b)
Start importing Assets/VainSabers/SaberLit.mat using Guid(d5edf0f459aa3c64e9ca9d4a1e4e087f) Importer(815301076,1909f56bfc062723c751e8b465ee728b)  -> (artifact id: 'a63c7cf255b5610ab33b54206e8ae549') in 0.011033 seconds 
========================================================================
Received Import Request.
  Time since last request: 13.503459 seconds.
  path: Assets/VainSabers/Saber.mat
  artifactKey: Guid(19f8b4960e2902543b79b32c3c395bef) Importer(815301076,1909f56bfc062723c751e8b465ee728b)
Start importing Assets/VainSabers/Saber.mat using Guid(19f8b4960e2902543b79b32c3c395bef) Importer(815301076,1909f56bfc062723c751e8b465ee728b)  -> (artifact id: '639e4b81bd18a88ff11fafc0f732964f') in 0.008938 seconds 
========================================================================
Received Import Request.
  Time since last request: 0.000020 seconds.
  path: Assets/VainSabers/SaberLit.mat
  artifactKey: Guid(d5edf0f459aa3c64e9ca9d4a1e4e087f) Importer(815301076,1909f56bfc062723c751e8b465ee728b)
Start importing Assets/VainSabers/SaberLit.mat using Guid(d5edf0f459aa3c64e9ca9d4a1e4e087f) Importer(815301076,1909f56bfc062723c751e8b465ee728b)  -> (artifact id: 'f7df5f419fe5b1724ff813671b166ca5') in 0.019474 seconds 
========================================================================
Received Import Request.
  Time since last request: 31.928968 seconds.
  path: Assets/VainSabers/Saber.mat
  artifactKey: Guid(19f8b4960e2902543b79b32c3c395bef) Importer(815301076,1909f56bfc062723c751e8b465ee728b)
Start importing Assets/VainSabers/Saber.mat using Guid(19f8b4960e2902543b79b32c3c395bef) Importer(815301076,1909f56bfc062723c751e8b465ee728b)  -> (artifact id: 'acf0defe9b6070ab8908c37eeb8fa3e2') in 0.014592 seconds 
========================================================================
Received Import Request.
  Time since last request: 0.000029 seconds.
  path: Assets/VainSabers/SaberLit.mat
  artifactKey: Guid(d5edf0f459aa3c64e9ca9d4a1e4e087f) Importer(815301076,1909f56bfc062723c751e8b465ee728b)
Start importing Assets/VainSabers/SaberLit.mat using Guid(d5edf0f459aa3c64e9ca9d4a1e4e087f) Importer(815301076,1909f56bfc062723c751e8b465ee728b)  -> (artifact id: '009fe286d71999a6d40042ec8d2f6ac2') in 0.016951 seconds 
========================================================================
Received Import Request.
  Time since last request: 135.169182 seconds.
  path: Assets/VainSabers/Saber.mat
  artifactKey: Guid(19f8b4960e2902543b79b32c3c395bef) Importer(815301076,1909f56bfc062723c751e8b465ee728b)
Start importing Assets/VainSabers/Saber.mat using Guid(19f8b4960e2902543b79b32c3c395bef) Importer(815301076,1909f56bfc062723c751e8b465ee728b)  -> (artifact id: 'c6941330afbee84d6e8680d14150bdb2') in 0.043815 seconds 
========================================================================
Received Import Request.
  Time since last request: 0.000023 seconds.
  path: Assets/VainSabers/SaberLit.mat
  artifactKey: Guid(d5edf0f459aa3c64e9ca9d4a1e4e087f) Importer(815301076,1909f56bfc062723c751e8b465ee728b)
Start importing Assets/VainSabers/SaberLit.mat using Guid(d5edf0f459aa3c64e9ca9d4a1e4e087f) Importer(815301076,1909f56bfc062723c751e8b465ee728b)  -> (artifact id: 'a0eda70ead978775685a1474c9308ef2') in 0.015925 seconds 
========================================================================
Received Import Request.
  Time since last request: 75.916430 seconds.
  path: Assets/VainSabers/Saber.mat
  artifactKey: Guid(19f8b4960e2902543b79b32c3c395bef) Importer(815301076,1909f56bfc062723c751e8b465ee728b)
Start importing Assets/VainSabers/Saber.mat using Guid(19f8b4960e2902543b79b32c3c395bef) Importer(815301076,1909f56bfc062723c751e8b465ee728b)  -> (artifact id: 'a24b40f2435be5ad8d60a9a1fe2f2b3e') in 0.010742 seconds 
========================================================================
Received Import Request.
  Time since last request: 0.000019 seconds.
  path: Assets/VainSabers/SaberLit.mat
  artifactKey: Guid(d5edf0f459aa3c64e9ca9d4a1e4e087f) Importer(815301076,1909f56bfc062723c751e8b465ee728b)
Start importing Assets/VainSabers/SaberLit.mat using Guid(d5edf0f459aa3c64e9ca9d4a1e4e087f) Importer(815301076,1909f56bfc062723c751e8b465ee728b)  -> (artifact id: 'f41e2a4a00f088de718b3a68d92825ba') in 0.037151 seconds 
========================================================================
Received Import Request.
  Time since last request: 4.742141 seconds.
  path: Assets/VainSabers/Saber.mat
  artifactKey: Guid(19f8b4960e2902543b79b32c3c395bef) Importer(815301076,1909f56bfc062723c751e8b465ee728b)
Start importing Assets/VainSabers/Saber.mat using Guid(19f8b4960e2902543b79b32c3c395bef) Importer(815301076,1909f56bfc062723c751e8b465ee728b)  -> (artifact id: 'd10d734e82a33b82b43492f2c1adcf74') in 0.018031 seconds 
========================================================================
Received Import Request.
  Time since last request: 0.000032 seconds.
  path: Assets/VainSabers/SaberLit.mat
  artifactKey: Guid(d5edf0f459aa3c64e9ca9d4a1e4e087f) Importer(815301076,1909f56bfc062723c751e8b465ee728b)
Start importing Assets/VainSabers/SaberLit.mat using Guid(d5edf0f459aa3c64e9ca9d4a1e4e087f) Importer(815301076,1909f56bfc062723c751e8b465ee728b)  -> (artifact id: 'cc2470f2c6406ecd8961eef9156a64be') in 0.014893 seconds 
========================================================================
Received Prepare
Registering precompiled user dll's ...
Registered in 0.007179 seconds.
Begin MonoManager ReloadAssembly
Symbol file LoadedFromMemory doesn't match image C:\Users\dbasp\VainSabers asset creation\Library\PackageCache\com.unity.visualscripting@1.7.8\Editor\VisualScripting.Core\Dependencies\YamlDotNet\Unity.VisualScripting.YamlDotNet.dll
Symbol file LoadedFromMemory doesn't match image C:\Users\dbasp\VainSabers asset creation\Library\PackageCache\com.unity.visualscripting@1.7.8\Editor\VisualScripting.Core\Dependencies\DotNetZip\Unity.VisualScripting.IonicZip.dll
Native extension for WindowsStandalone target not found
Refreshing native plugins compatible for Editor in 1.13 ms, found 3 plugins.
Preloading 0 native plugins for Editor in 0.00 ms.
Mono: successfully reloaded assembly
- Completed reload, in  1.222 seconds
Domain Reload Profiling:
	ReloadAssembly (1223ms)
		BeginReloadAssembly (173ms)
			ExecutionOrderSort (0ms)
			DisableScriptedObjects (6ms)
			BackupInstance (0ms)
			ReleaseScriptingObjects (0ms)
			CreateAndSetChildDomain (48ms)
		EndReloadAssembly (927ms)
			LoadAssemblies (107ms)
			RebuildTransferFunctionScriptingTraits (0ms)
			SetupTypeCache (309ms)
			ReleaseScriptCaches (1ms)
			RebuildScriptCaches (55ms)
			SetupLoadedEditorAssemblies (401ms)
				LogAssemblyErrors (0ms)
				InitializePlatformSupportModulesInManaged (17ms)
				SetLoadedEditorAssemblies (1ms)
				RefreshPlugins (1ms)
				BeforeProcessingInitializeOnLoad (91ms)
				ProcessInitializeOnLoadAttributes (253ms)
				ProcessInitializeOnLoadMethodAttributes (28ms)
				AfterProcessingInitializeOnLoad (10ms)
				EditorAssembliesLoaded (0ms)
			ExecutionOrderSort2 (0ms)
			AwakeInstancesAfterBackupRestoration (7ms)
Platform modules already initialized, skipping
Refreshing native plugins compatible for Editor in 2.43 ms, found 3 plugins.
Preloading 0 native plugins for Editor in 0.00 ms.
Unloading 3373 Unused Serialized files (Serialized files now loaded: 0)
Unloading 18 unused Assets / (24.6 KB). Loaded Objects now: 3902.
Memory consumption went from 121.7 MB to 121.7 MB.
Total: 4.392100 ms (FindLiveObjects: 0.409000 ms CreateObjectMapping: 0.091100 ms MarkObjects: 3.858900 ms  DeleteObjects: 0.031700 ms)

AssetImportParameters requested are different than current active one (requested -> active):
  custom:video-decoder-ogg-theora: a1e56fd34408186e4bbccfd4996cb3dc -> 
  custom:container-muxer-webm: aa71ff27fc2769a1b78a27578f13a17b -> 
  custom:container-demuxer-webm: 4f35f7cbe854078d1ac9338744f61a02 -> 
  custom:video-encoder-webm-vp8: eb34c28f22e8b96e1ab97ce403110664 -> 
  custom:video-codec-MediaFoundation-h265: 746d11721c4dcdbdad8f713fa42b33f4 -> 
  custom:audio-encoder-webm-vorbis: bf7c407c2cedff20999df2af8eb42d56 -> 
  custom:framework-win-MediaFoundation: 216162199b28c13a410421893ffa2e32 -> 
  custom:container-demuxer-ogg: 62fdf1f143b41e24485cea50d1cbac27 -> 
  custom:video-decoder-webm-vp8: 9c59270c3fd7afecdb556c50c9e8de78 -> 
  custom:audio-decoder-ogg-vorbis: bf7c407c2cedff20999df2af8eb42d56 -> 
========================================================================
Received Import Request.
  Time since last request: 239.802187 seconds.
  path: Assets/VainSabers/Saber.mat
  artifactKey: Guid(19f8b4960e2902543b79b32c3c395bef) Importer(815301076,1909f56bfc062723c751e8b465ee728b)
Start importing Assets/VainSabers/Saber.mat using Guid(19f8b4960e2902543b79b32c3c395bef) Importer(815301076,1909f56bfc062723c751e8b465ee728b)  -> (artifact id: '6a1a250ece3c24da8302fe55443c3d87') in 0.233557 seconds 
========================================================================
Received Import Request.
  Time since last request: 0.000025 seconds.
  path: Assets/VainSabers/SaberLit.mat
  artifactKey: Guid(d5edf0f459aa3c64e9ca9d4a1e4e087f) Importer(815301076,1909f56bfc062723c751e8b465ee728b)
Start importing Assets/VainSabers/SaberLit.mat using Guid(d5edf0f459aa3c64e9ca9d4a1e4e087f) Importer(815301076,1909f56bfc062723c751e8b465ee728b)  -> (artifact id: '515005eaa00e53f32065267c40d85ac8') in 0.105364 seconds 
========================================================================
Received Prepare
Registering precompiled user dll's ...
Registered in 0.012983 seconds.
Begin MonoManager ReloadAssembly
Symbol file LoadedFromMemory doesn't match image C:\Users\dbasp\VainSabers asset creation\Library\PackageCache\com.unity.visualscripting@1.7.8\Editor\VisualScripting.Core\Dependencies\YamlDotNet\Unity.VisualScripting.YamlDotNet.dll
Symbol file LoadedFromMemory doesn't match image C:\Users\dbasp\VainSabers asset creation\Library\PackageCache\com.unity.visualscripting@1.7.8\Editor\VisualScripting.Core\Dependencies\DotNetZip\Unity.VisualScripting.IonicZip.dll
Native extension for WindowsStandalone target not found
Refreshing native plugins compatible for Editor in 0.67 ms, found 3 plugins.
Preloading 0 native plugins for Editor in 0.00 ms.
Mono: successfully reloaded assembly
- Completed reload, in  1.513 seconds
Domain Reload Profiling:
	ReloadAssembly (1514ms)
		BeginReloadAssembly (408ms)
			ExecutionOrderSort (0ms)
			DisableScriptedObjects (23ms)
			BackupInstance (0ms)
			ReleaseScriptingObjects (0ms)
			CreateAndSetChildDomain (182ms)
		EndReloadAssembly (963ms)
			LoadAssemblies (133ms)
			RebuildTransferFunctionScriptingTraits (0ms)
			SetupTypeCache (324ms)
			ReleaseScriptCaches (2ms)
			RebuildScriptCaches (57ms)
			SetupLoadedEditorAssemblies (425ms)
				LogAssemblyErrors (0ms)
				InitializePlatformSupportModulesInManaged (14ms)
				SetLoadedEditorAssemblies (1ms)
				RefreshPlugins (1ms)
				BeforeProcessingInitializeOnLoad (86ms)
				ProcessInitializeOnLoadAttributes (281ms)
				ProcessInitializeOnLoadMethodAttributes (31ms)
				AfterProcessingInitializeOnLoad (11ms)
				EditorAssembliesLoaded (0ms)
			ExecutionOrderSort2 (0ms)
			AwakeInstancesAfterBackupRestoration (8ms)
Platform modules already initialized, skipping
Refreshing native plugins compatible for Editor in 2.44 ms, found 3 plugins.
Preloading 0 native plugins for Editor in 0.00 ms.
Unloading 3373 Unused Serialized files (Serialized files now loaded: 0)
Unloading 18 unused Assets / (24.6 KB). Loaded Objects now: 3905.
Memory consumption went from 121.8 MB to 121.7 MB.
Total: 3.866500 ms (FindLiveObjects: 0.300700 ms CreateObjectMapping: 0.079500 ms MarkObjects: 3.428500 ms  DeleteObjects: 0.056400 ms)

AssetImportParameters requested are different than current active one (requested -> active):
  custom:video-decoder-ogg-theora: a1e56fd34408186e4bbccfd4996cb3dc -> 
  custom:container-muxer-webm: aa71ff27fc2769a1b78a27578f13a17b -> 
  custom:container-demuxer-webm: 4f35f7cbe854078d1ac9338744f61a02 -> 
  custom:video-encoder-webm-vp8: eb34c28f22e8b96e1ab97ce403110664 -> 
  custom:video-codec-MediaFoundation-h265: 746d11721c4dcdbdad8f713fa42b33f4 -> 
  custom:audio-encoder-webm-vorbis: bf7c407c2cedff20999df2af8eb42d56 -> 
  custom:framework-win-MediaFoundation: 216162199b28c13a410421893ffa2e32 -> 
  custom:container-demuxer-ogg: 62fdf1f143b41e24485cea50d1cbac27 -> 
  custom:video-decoder-webm-vp8: 9c59270c3fd7afecdb556c50c9e8de78 -> 
  custom:audio-decoder-ogg-vorbis: bf7c407c2cedff20999df2af8eb42d56 -> 
========================================================================
Received Prepare
Registering precompiled user dll's ...
Registered in 0.008577 seconds.
Begin MonoManager ReloadAssembly
Symbol file LoadedFromMemory doesn't match image C:\Users\dbasp\VainSabers asset creation\Library\PackageCache\com.unity.visualscripting@1.7.8\Editor\VisualScripting.Core\Dependencies\YamlDotNet\Unity.VisualScripting.YamlDotNet.dll
Symbol file LoadedFromMemory doesn't match image C:\Users\dbasp\VainSabers asset creation\Library\PackageCache\com.unity.visualscripting@1.7.8\Editor\VisualScripting.Core\Dependencies\DotNetZip\Unity.VisualScripting.IonicZip.dll
Native extension for WindowsStandalone target not found
Refreshing native plugins compatible for Editor in 0.65 ms, found 3 plugins.
Preloading 0 native plugins for Editor in 0.00 ms.
Mono: successfully reloaded assembly
- Completed reload, in  1.329 seconds
Domain Reload Profiling:
	ReloadAssembly (1330ms)
		BeginReloadAssembly (174ms)
			ExecutionOrderSort (0ms)
			DisableScriptedObjects (7ms)
			BackupInstance (0ms)
			ReleaseScriptingObjects (0ms)
			CreateAndSetChildDomain (45ms)
		EndReloadAssembly (1031ms)
			LoadAssemblies (112ms)
			RebuildTransferFunctionScriptingTraits (0ms)
			SetupTypeCache (297ms)
			ReleaseScriptCaches (1ms)
			RebuildScriptCaches (60ms)
			SetupLoadedEditorAssemblies (521ms)
				LogAssemblyErrors (0ms)
				InitializePlatformSupportModulesInManaged (14ms)
				SetLoadedEditorAssemblies (1ms)
				RefreshPlugins (1ms)
				BeforeProcessingInitializeOnLoad (87ms)
				ProcessInitializeOnLoadAttributes (364ms)
				ProcessInitializeOnLoadMethodAttributes (35ms)
				AfterProcessingInitializeOnLoad (18ms)
				EditorAssembliesLoaded (0ms)
			ExecutionOrderSort2 (0ms)
			AwakeInstancesAfterBackupRestoration (7ms)
Platform modules already initialized, skipping
Refreshing native plugins compatible for Editor in 2.20 ms, found 3 plugins.
Preloading 0 native plugins for Editor in 0.00 ms.
Unloading 3373 Unused Serialized files (Serialized files now loaded: 0)
Unloading 18 unused Assets / (24.6 KB). Loaded Objects now: 3908.
Memory consumption went from 121.7 MB to 121.6 MB.
Total: 3.398900 ms (FindLiveObjects: 0.320100 ms CreateObjectMapping: 0.078000 ms MarkObjects: 2.970800 ms  DeleteObjects: 0.028700 ms)

AssetImportParameters requested are different than current active one (requested -> active):
  custom:video-decoder-ogg-theora: a1e56fd34408186e4bbccfd4996cb3dc -> 
  custom:container-muxer-webm: aa71ff27fc2769a1b78a27578f13a17b -> 
  custom:container-demuxer-webm: 4f35f7cbe854078d1ac9338744f61a02 -> 
  custom:video-encoder-webm-vp8: eb34c28f22e8b96e1ab97ce403110664 -> 
  custom:video-codec-MediaFoundation-h265: 746d11721c4dcdbdad8f713fa42b33f4 -> 
  custom:audio-encoder-webm-vorbis: bf7c407c2cedff20999df2af8eb42d56 -> 
  custom:framework-win-MediaFoundation: 216162199b28c13a410421893ffa2e32 -> 
  custom:container-demuxer-ogg: 62fdf1f143b41e24485cea50d1cbac27 -> 
  custom:video-decoder-webm-vp8: 9c59270c3fd7afecdb556c50c9e8de78 -> 
  custom:audio-decoder-ogg-vorbis: bf7c407c2cedff20999df2af8eb42d56 -> 
========================================================================
Received Import Request.
  Time since last request: 341.512287 seconds.
  path: Assets/VainSabers/Saber.mat
  artifactKey: Guid(19f8b4960e2902543b79b32c3c395bef) Importer(815301076,1909f56bfc062723c751e8b465ee728b)
Start importing Assets/VainSabers/Saber.mat using Guid(19f8b4960e2902543b79b32c3c395bef) Importer(815301076,1909f56bfc062723c751e8b465ee728b)  -> (artifact id: '5108e320be6a701fd711f16eeca511ab') in 0.260667 seconds 
========================================================================
Received Import Request.
  Time since last request: 0.000059 seconds.
  path: Assets/VainSabers/SaberLitInverted.mat
  artifactKey: Guid(61dcf9d6fc4cb2244885b842d7192c3c) Importer(815301076,1909f56bfc062723c751e8b465ee728b)
Start importing Assets/VainSabers/SaberLitInverted.mat using Guid(61dcf9d6fc4cb2244885b842d7192c3c) Importer(815301076,1909f56bfc062723c751e8b465ee728b)  -> (artifact id: 'd614644e38d41d78d21e407bf92ce828') in 0.018912 seconds 
========================================================================
Received Import Request.
  Time since last request: 11.426058 seconds.
  path: Assets/VainSabers/SaberInverted.mat
  artifactKey: Guid(c60b73020a1109e42b1a6f3eb4517456) Importer(815301076,1909f56bfc062723c751e8b465ee728b)
Start importing Assets/VainSabers/SaberInverted.mat using Guid(c60b73020a1109e42b1a6f3eb4517456) Importer(815301076,1909f56bfc062723c751e8b465ee728b)  -> (artifact id: '8d38687847e1da3f222bc33520317947') in 0.016492 seconds 
========================================================================
Received Import Request.
  Time since last request: 0.000023 seconds.
  path: Assets/VainSabers/SaberLitInverted.mat
  artifactKey: Guid(61dcf9d6fc4cb2244885b842d7192c3c) Importer(815301076,1909f56bfc062723c751e8b465ee728b)
Start importing Assets/VainSabers/SaberLitInverted.mat using Guid(61dcf9d6fc4cb2244885b842d7192c3c) Importer(815301076,1909f56bfc062723c751e8b465ee728b)  -> (artifact id: 'f4bffda611393563d2befda51d8bed1a') in 0.010340 seconds 
========================================================================
Received Import Request.
  Time since last request: 133.112007 seconds.
  path: Assets/VainSabers/Saber.mat
  artifactKey: Guid(19f8b4960e2902543b79b32c3c395bef) Importer(815301076,1909f56bfc062723c751e8b465ee728b)
Start importing Assets/VainSabers/Saber.mat using Guid(19f8b4960e2902543b79b32c3c395bef) Importer(815301076,1909f56bfc062723c751e8b465ee728b)  -> (artifact id: '148de641375829a04cc0cb459dfe63a3') in 0.020235 seconds 
========================================================================
Received Import Request.
  Time since last request: 0.000037 seconds.
  path: Assets/VainSabers/SaberLit.mat
  artifactKey: Guid(d5edf0f459aa3c64e9ca9d4a1e4e087f) Importer(815301076,1909f56bfc062723c751e8b465ee728b)
Start importing Assets/VainSabers/SaberLit.mat using Guid(d5edf0f459aa3c64e9ca9d4a1e4e087f) Importer(815301076,1909f56bfc062723c751e8b465ee728b)  -> (artifact id: '1049a81098ffc25a36a0d6afa9b54612') in 0.023841 seconds 
========================================================================
Received Import Request.
  Time since last request: 0.000028 seconds.
  path: Assets/VainSabers/SaberLitInverted.mat
  artifactKey: Guid(61dcf9d6fc4cb2244885b842d7192c3c) Importer(815301076,1909f56bfc062723c751e8b465ee728b)
Start importing Assets/VainSabers/SaberLitInverted.mat using Guid(61dcf9d6fc4cb2244885b842d7192c3c) Importer(815301076,1909f56bfc062723c751e8b465ee728b)  -> (artifact id: '4edc50d20d3dc682445f05f660b58a1d') in 0.023638 seconds 
Editor requested this worker to shutdown with reason: Scaling down because of idle timeout
AssetImportWorker is now disconnected from the server
Process exiting
Exiting without the bug reporter. Application will terminate with return code 0