Using pre-set license
Built from '2021.3/evg/staging/82bb020e-b03b1330/draft-0' branch; Version is '2021.3.16f1 (4016570cf34f) revision 4200023'; Using compiler version '192829333'; Build Type 'Release'
OS: 'Windows 11  (10.0.26100) 64bit Core' Language: 'en' Physical Memory: 16301 MB
BatchMode: 1, IsHumanControllingUs: 0, StartBugReporterOnCrash: 0, Is64bit: 1, IsPro: 1

COMMAND LINE ARGUMENTS:
C:\Program Files\Unity\Hub\Editor\2021.3.16f1\Editor\Unity.exe
-adb2
-batchMode
-noUpm
-name
AssetImportWorker7
-projectPath
C:/Users/dbasp/VainSabers asset creation
-logFile
Logs/AssetImportWorker7.log
-srvPort
59698
Successfully changed project path to: C:/Users/dbasp/VainSabers asset creation
C:/Users/dbasp/VainSabers asset creation
[UnityMemory] Configuration Parameters - Can be set up in boot.config
    "memorysetup-bucket-allocator-granularity=16"
    "memorysetup-bucket-allocator-bucket-count=8"
    "memorysetup-bucket-allocator-block-size=33554432"
    "memorysetup-bucket-allocator-block-count=8"
    "memorysetup-main-allocator-block-size=16777216"
    "memorysetup-thread-allocator-block-size=16777216"
    "memorysetup-gfx-main-allocator-block-size=16777216"
    "memorysetup-gfx-thread-allocator-block-size=16777216"
    "memorysetup-cache-allocator-block-size=4194304"
    "memorysetup-typetree-allocator-block-size=2097152"
    "memorysetup-profiler-bucket-allocator-granularity=16"
    "memorysetup-profiler-bucket-allocator-bucket-count=8"
    "memorysetup-profiler-bucket-allocator-block-size=33554432"
    "memorysetup-profiler-bucket-allocator-block-count=8"
    "memorysetup-profiler-allocator-block-size=16777216"
    "memorysetup-profiler-editor-allocator-block-size=1048576"
    "memorysetup-temp-allocator-size-main=16777216"
    "memorysetup-job-temp-allocator-block-size=2097152"
    "memorysetup-job-temp-allocator-block-size-background=1048576"
    "memorysetup-job-temp-allocator-reduction-small-platforms=262144"
    "memorysetup-temp-allocator-size-background-worker=32768"
    "memorysetup-temp-allocator-size-job-worker=262144"
    "memorysetup-temp-allocator-size-preload-manager=33554432"
    "memorysetup-temp-allocator-size-nav-mesh-worker=65536"
    "memorysetup-temp-allocator-size-audio-worker=65536"
    "memorysetup-temp-allocator-size-cloud-worker=32768"
    "memorysetup-temp-allocator-size-gi-baking-worker=262144"
    "memorysetup-temp-allocator-size-gfx=262144"
Player connection [17424] Host "[IP] 192.168.1.184 [Port] 0 [Flags] 2 [Guid] 2138094409 [EditorId] 2138094409 [Version] 1048832 [Id] WindowsEditor(7,Vainstains2) [Debug] 1 [PackageName] WindowsEditor [ProjectName] Editor" joined multi-casting on [225.0.0.222:54997]...

Player connection [17424] Host "[IP] 192.168.1.184 [Port] 0 [Flags] 2 [Guid] 2138094409 [EditorId] 2138094409 [Version] 1048832 [Id] WindowsEditor(7,Vainstains2) [Debug] 1 [PackageName] WindowsEditor [ProjectName] Editor" joined alternative multi-casting on [225.0.0.222:34997]...

Refreshing native plugins compatible for Editor in 91.74 ms, found 3 plugins.
Preloading 0 native plugins for Editor in 0.00 ms.
Initialize engine version: 2021.3.16f1 (4016570cf34f)
[Subsystems] Discovering subsystems at path C:/Program Files/Unity/Hub/Editor/2021.3.16f1/Editor/Data/Resources/UnitySubsystems
[Subsystems] Discovering subsystems at path C:/Users/dbasp/VainSabers asset creation/Assets
GfxDevice: creating device client; threaded=0; jobified=0
Direct3D:
    Version:  Direct3D 11.0 [level 11.1]
    Renderer: NVIDIA GeForce RTX 2060 SUPER (ID=0x1f06)
    Vendor:   NVIDIA
    VRAM:     8006 MB
    Driver:   32.0.15.6094
Initialize mono
Mono path[0] = 'C:/Program Files/Unity/Hub/Editor/2021.3.16f1/Editor/Data/Managed'
Mono path[1] = 'C:/Program Files/Unity/Hub/Editor/2021.3.16f1/Editor/Data/MonoBleedingEdge/lib/mono/unityjit-win32'
Mono config path = 'C:/Program Files/Unity/Hub/Editor/2021.3.16f1/Editor/Data/MonoBleedingEdge/etc'
Using monoOptions --debugger-agent=transport=dt_socket,embedding=1,server=y,suspend=n,address=127.0.0.1:56704
Begin MonoManager ReloadAssembly
Registering precompiled unity dll's ...
Register platform support module: C:/Program Files/Unity/Hub/Editor/2021.3.16f1/Editor/Data/PlaybackEngines/WindowsStandaloneSupport/UnityEditor.WindowsStandalone.Extensions.dll
Registered in 0.006677 seconds.
Native extension for WindowsStandalone target not found
Refreshing native plugins compatible for Editor in 90.12 ms, found 3 plugins.
Preloading 0 native plugins for Editor in 0.00 ms.
Mono: successfully reloaded assembly
- Completed reload, in  0.786 seconds
Domain Reload Profiling:
	ReloadAssembly (787ms)
		BeginReloadAssembly (92ms)
			ExecutionOrderSort (0ms)
			DisableScriptedObjects (0ms)
			BackupInstance (0ms)
			ReleaseScriptingObjects (0ms)
			CreateAndSetChildDomain (1ms)
		EndReloadAssembly (558ms)
			LoadAssemblies (89ms)
			RebuildTransferFunctionScriptingTraits (0ms)
			SetupTypeCache (121ms)
			ReleaseScriptCaches (0ms)
			RebuildScriptCaches (38ms)
			SetupLoadedEditorAssemblies (336ms)
				LogAssemblyErrors (0ms)
				InitializePlatformSupportModulesInManaged (10ms)
				SetLoadedEditorAssemblies (0ms)
				RefreshPlugins (90ms)
				BeforeProcessingInitializeOnLoad (2ms)
				ProcessInitializeOnLoadAttributes (177ms)
				ProcessInitializeOnLoadMethodAttributes (57ms)
				AfterProcessingInitializeOnLoad (0ms)
				EditorAssembliesLoaded (0ms)
			ExecutionOrderSort2 (0ms)
			AwakeInstancesAfterBackupRestoration (0ms)
Platform modules already initialized, skipping
Registering precompiled user dll's ...
Registered in 0.010270 seconds.
Begin MonoManager ReloadAssembly
Symbol file LoadedFromMemory doesn't match image C:\Users\dbasp\VainSabers asset creation\Library\PackageCache\com.unity.visualscripting@1.7.8\Editor\VisualScripting.Core\Dependencies\YamlDotNet\Unity.VisualScripting.YamlDotNet.dll
Symbol file LoadedFromMemory doesn't match image C:\Users\dbasp\VainSabers asset creation\Library\PackageCache\com.unity.visualscripting@1.7.8\Editor\VisualScripting.Core\Dependencies\DotNetZip\Unity.VisualScripting.IonicZip.dll
Native extension for WindowsStandalone target not found
Refreshing native plugins compatible for Editor in 0.71 ms, found 3 plugins.
Preloading 0 native plugins for Editor in 0.00 ms.
Mono: successfully reloaded assembly
- Completed reload, in  1.234 seconds
Domain Reload Profiling:
	ReloadAssembly (1235ms)
		BeginReloadAssembly (129ms)
			ExecutionOrderSort (0ms)
			DisableScriptedObjects (7ms)
			BackupInstance (0ms)
			ReleaseScriptingObjects (0ms)
			CreateAndSetChildDomain (21ms)
		EndReloadAssembly (971ms)
			LoadAssemblies (105ms)
			RebuildTransferFunctionScriptingTraits (0ms)
			SetupTypeCache (300ms)
			ReleaseScriptCaches (1ms)
			RebuildScriptCaches (66ms)
			SetupLoadedEditorAssemblies (455ms)
				LogAssemblyErrors (0ms)
				InitializePlatformSupportModulesInManaged (7ms)
				SetLoadedEditorAssemblies (1ms)
				RefreshPlugins (1ms)
				BeforeProcessingInitializeOnLoad (108ms)
				ProcessInitializeOnLoadAttributes (297ms)
				ProcessInitializeOnLoadMethodAttributes (32ms)
				AfterProcessingInitializeOnLoad (10ms)
				EditorAssembliesLoaded (0ms)
			ExecutionOrderSort2 (0ms)
			AwakeInstancesAfterBackupRestoration (7ms)
Platform modules already initialized, skipping
========================================================================
Worker process is ready to serve import requests
Launched and connected shader compiler UnityShaderCompiler.exe after 0.05 seconds
Refreshing native plugins compatible for Editor in 0.85 ms, found 3 plugins.
Preloading 0 native plugins for Editor in 0.00 ms.
Unloading 3393 Unused Serialized files (Serialized files now loaded: 0)
Unloading 25 unused Assets / (56.1 KB). Loaded Objects now: 3858.
Memory consumption went from 118.7 MB to 118.6 MB.
Total: 3.511500 ms (FindLiveObjects: 0.350700 ms CreateObjectMapping: 0.090200 ms MarkObjects: 2.987700 ms  DeleteObjects: 0.081400 ms)

AssetImportParameters requested are different than current active one (requested -> active):
  custom:video-decoder-ogg-theora: a1e56fd34408186e4bbccfd4996cb3dc -> 
  custom:container-muxer-webm: aa71ff27fc2769a1b78a27578f13a17b -> 
  custom:container-demuxer-webm: 4f35f7cbe854078d1ac9338744f61a02 -> 
  custom:video-encoder-webm-vp8: eb34c28f22e8b96e1ab97ce403110664 -> 
  custom:video-codec-MediaFoundation-h265: 746d11721c4dcdbdad8f713fa42b33f4 -> 
  custom:audio-encoder-webm-vorbis: bf7c407c2cedff20999df2af8eb42d56 -> 
  custom:framework-win-MediaFoundation: 216162199b28c13a410421893ffa2e32 -> 
  custom:container-demuxer-ogg: 62fdf1f143b41e24485cea50d1cbac27 -> 
  custom:video-decoder-webm-vp8: 9c59270c3fd7afecdb556c50c9e8de78 -> 
  custom:audio-decoder-ogg-vorbis: bf7c407c2cedff20999df2af8eb42d56 -> 
========================================================================
Received Import Request.
  Time since last request: 21949.195753 seconds.
  path: Assets/VainSabers/Saber.mat
  artifactKey: Guid(19f8b4960e2902543b79b32c3c395bef) Importer(815301076,1909f56bfc062723c751e8b465ee728b)
Start importing Assets/VainSabers/Saber.mat using Guid(19f8b4960e2902543b79b32c3c395bef) Importer(815301076,1909f56bfc062723c751e8b465ee728b)  -> (artifact id: '2ead34d4c0d20a122b624a7df8d8a676') in 0.405225 seconds 
========================================================================
Received Import Request.
  Time since last request: 10.647441 seconds.
  path: Assets/VainSabers/SaberInverted.mat
  artifactKey: Guid(c60b73020a1109e42b1a6f3eb4517456) Importer(815301076,1909f56bfc062723c751e8b465ee728b)
Start importing Assets/VainSabers/SaberInverted.mat using Guid(c60b73020a1109e42b1a6f3eb4517456) Importer(815301076,1909f56bfc062723c751e8b465ee728b)  -> (artifact id: '50ffe7404bb874be92bf231debdda516') in 0.019613 seconds 
========================================================================
Received Import Request.
  Time since last request: 0.000041 seconds.
  path: Assets/VainSabers/SaberLitInverted.mat
  artifactKey: Guid(61dcf9d6fc4cb2244885b842d7192c3c) Importer(815301076,1909f56bfc062723c751e8b465ee728b)
Start importing Assets/VainSabers/SaberLitInverted.mat using Guid(61dcf9d6fc4cb2244885b842d7192c3c) Importer(815301076,1909f56bfc062723c751e8b465ee728b)  -> (artifact id: '62ea234801f7166fd0e7adf566d1d511') in 0.020836 seconds 
========================================================================
Received Import Request.
  Time since last request: 36.885062 seconds.
  path: Assets/VainSabers/SaberInverted.mat
  artifactKey: Guid(c60b73020a1109e42b1a6f3eb4517456) Importer(815301076,1909f56bfc062723c751e8b465ee728b)
Start importing Assets/VainSabers/SaberInverted.mat using Guid(c60b73020a1109e42b1a6f3eb4517456) Importer(815301076,1909f56bfc062723c751e8b465ee728b)  -> (artifact id: '19acbfd6e2fea6eac79796ed56db0cf1') in 0.063134 seconds 
========================================================================
Received Import Request.
  Time since last request: 0.000033 seconds.
  path: Assets/VainSabers/SaberLitInverted.mat
  artifactKey: Guid(61dcf9d6fc4cb2244885b842d7192c3c) Importer(815301076,1909f56bfc062723c751e8b465ee728b)
Start importing Assets/VainSabers/SaberLitInverted.mat using Guid(61dcf9d6fc4cb2244885b842d7192c3c) Importer(815301076,1909f56bfc062723c751e8b465ee728b)  -> (artifact id: '7919b0543caa3e19889a118a0d5e0fdb') in 0.013285 seconds 
========================================================================
Received Import Request.
  Time since last request: 36.860072 seconds.
  path: Assets/VainSabers/SaberInverted.mat
  artifactKey: Guid(c60b73020a1109e42b1a6f3eb4517456) Importer(815301076,1909f56bfc062723c751e8b465ee728b)
Start importing Assets/VainSabers/SaberInverted.mat using Guid(c60b73020a1109e42b1a6f3eb4517456) Importer(815301076,1909f56bfc062723c751e8b465ee728b)  -> (artifact id: '6b3e3b0db86a7608c7a2c20945cf3609') in 0.014089 seconds 
========================================================================
Received Import Request.
  Time since last request: 0.000031 seconds.
  path: Assets/VainSabers/SaberLitInverted.mat
  artifactKey: Guid(61dcf9d6fc4cb2244885b842d7192c3c) Importer(815301076,1909f56bfc062723c751e8b465ee728b)
Start importing Assets/VainSabers/SaberLitInverted.mat using Guid(61dcf9d6fc4cb2244885b842d7192c3c) Importer(815301076,1909f56bfc062723c751e8b465ee728b)  -> (artifact id: '42b745b663f9c9213966012ec6ccfd66') in 0.024675 seconds 
========================================================================
Received Import Request.
  Time since last request: 112.684709 seconds.
  path: Assets/VainSabers/Saber.mat
  artifactKey: Guid(19f8b4960e2902543b79b32c3c395bef) Importer(815301076,1909f56bfc062723c751e8b465ee728b)
Start importing Assets/VainSabers/Saber.mat using Guid(19f8b4960e2902543b79b32c3c395bef) Importer(815301076,1909f56bfc062723c751e8b465ee728b)  -> (artifact id: '66787d2b96e559131fab927a8cd1403d') in 0.100903 seconds 
========================================================================
Received Import Request.
  Time since last request: 0.000032 seconds.
  path: Assets/VainSabers/SaberLit.mat
  artifactKey: Guid(d5edf0f459aa3c64e9ca9d4a1e4e087f) Importer(815301076,1909f56bfc062723c751e8b465ee728b)
Start importing Assets/VainSabers/SaberLit.mat using Guid(d5edf0f459aa3c64e9ca9d4a1e4e087f) Importer(815301076,1909f56bfc062723c751e8b465ee728b)  -> (artifact id: '5132c6dee0d3a4fbc083b8b769006d69') in 0.060577 seconds 
========================================================================
Received Import Request.
  Time since last request: 0.000049 seconds.
  path: Assets/VainSabers/SaberLitInverted.mat
  artifactKey: Guid(61dcf9d6fc4cb2244885b842d7192c3c) Importer(815301076,1909f56bfc062723c751e8b465ee728b)
Start importing Assets/VainSabers/SaberLitInverted.mat using Guid(61dcf9d6fc4cb2244885b842d7192c3c) Importer(815301076,1909f56bfc062723c751e8b465ee728b)  -> (artifact id: 'c5965d711bcd00f8cc426aeb44f49970') in 0.058681 seconds 
========================================================================
Received Import Request.
  Time since last request: 5.357445 seconds.
  path: Assets/VainSabers/Saber.mat
  artifactKey: Guid(19f8b4960e2902543b79b32c3c395bef) Importer(815301076,1909f56bfc062723c751e8b465ee728b)
Start importing Assets/VainSabers/Saber.mat using Guid(19f8b4960e2902543b79b32c3c395bef) Importer(815301076,1909f56bfc062723c751e8b465ee728b)  -> (artifact id: '4d6f61dcabf0fb8032925bce1e8dd99e') in 0.009542 seconds 
========================================================================
Received Import Request.
  Time since last request: 0.000026 seconds.
  path: Assets/VainSabers/SaberLit.mat
  artifactKey: Guid(d5edf0f459aa3c64e9ca9d4a1e4e087f) Importer(815301076,1909f56bfc062723c751e8b465ee728b)
Start importing Assets/VainSabers/SaberLit.mat using Guid(d5edf0f459aa3c64e9ca9d4a1e4e087f) Importer(815301076,1909f56bfc062723c751e8b465ee728b)  -> (artifact id: 'e955f8496d30e1fc1302f169bd20342e') in 0.088179 seconds 
========================================================================
Received Import Request.
  Time since last request: 27.386062 seconds.
  path: Assets/VainSabers/SaberInverted.mat
  artifactKey: Guid(c60b73020a1109e42b1a6f3eb4517456) Importer(815301076,1909f56bfc062723c751e8b465ee728b)
Start importing Assets/VainSabers/SaberInverted.mat using Guid(c60b73020a1109e42b1a6f3eb4517456) Importer(815301076,1909f56bfc062723c751e8b465ee728b)  -> (artifact id: 'ffcab8a37d4d4fe065e9f23d2f4de03f') in 0.039911 seconds 
========================================================================
Received Import Request.
  Time since last request: 0.000033 seconds.
  path: Assets/VainSabers/SaberLitInverted.mat
  artifactKey: Guid(61dcf9d6fc4cb2244885b842d7192c3c) Importer(815301076,1909f56bfc062723c751e8b465ee728b)
Start importing Assets/VainSabers/SaberLitInverted.mat using Guid(61dcf9d6fc4cb2244885b842d7192c3c) Importer(815301076,1909f56bfc062723c751e8b465ee728b)  -> (artifact id: '401020ba6696a400c4f4a310b334c5b0') in 0.020924 seconds 
========================================================================
Received Import Request.
  Time since last request: 17.466254 seconds.
  path: Assets/VainSabers/SaberInverted.mat
  artifactKey: Guid(c60b73020a1109e42b1a6f3eb4517456) Importer(815301076,1909f56bfc062723c751e8b465ee728b)
Start importing Assets/VainSabers/SaberInverted.mat using Guid(c60b73020a1109e42b1a6f3eb4517456) Importer(815301076,1909f56bfc062723c751e8b465ee728b)  -> (artifact id: '86ea249fb0dd89cf1e117887a9bb39e0') in 0.057138 seconds 
========================================================================
Received Import Request.
  Time since last request: 12.971713 seconds.
  path: Assets/VainSabers/SaberInverted.mat
  artifactKey: Guid(c60b73020a1109e42b1a6f3eb4517456) Importer(815301076,1909f56bfc062723c751e8b465ee728b)
Start importing Assets/VainSabers/SaberInverted.mat using Guid(c60b73020a1109e42b1a6f3eb4517456) Importer(815301076,1909f56bfc062723c751e8b465ee728b)  -> (artifact id: 'b513443c984589ae5b3c5f88205a3173') in 0.012093 seconds 
========================================================================
Received Import Request.
  Time since last request: 0.000021 seconds.
  path: Assets/VainSabers/SaberLitInverted.mat
  artifactKey: Guid(61dcf9d6fc4cb2244885b842d7192c3c) Importer(815301076,1909f56bfc062723c751e8b465ee728b)
Start importing Assets/VainSabers/SaberLitInverted.mat using Guid(61dcf9d6fc4cb2244885b842d7192c3c) Importer(815301076,1909f56bfc062723c751e8b465ee728b)  -> (artifact id: 'f9b72877593057295aa86b123edfb5e1') in 0.018026 seconds 
========================================================================
Received Import Request.
  Time since last request: 1.916017 seconds.
  path: Assets/VainSabers/SaberInverted.mat
  artifactKey: Guid(c60b73020a1109e42b1a6f3eb4517456) Importer(815301076,1909f56bfc062723c751e8b465ee728b)
Start importing Assets/VainSabers/SaberInverted.mat using Guid(c60b73020a1109e42b1a6f3eb4517456) Importer(815301076,1909f56bfc062723c751e8b465ee728b)  -> (artifact id: 'f268ae65ea56d90521d9b3ef7ae74a52') in 0.013538 seconds 
========================================================================
Received Import Request.
  Time since last request: 5.845908 seconds.
  path: Assets/VainSabers/SaberInverted.mat
  artifactKey: Guid(c60b73020a1109e42b1a6f3eb4517456) Importer(815301076,1909f56bfc062723c751e8b465ee728b)
Start importing Assets/VainSabers/SaberInverted.mat using Guid(c60b73020a1109e42b1a6f3eb4517456) Importer(815301076,1909f56bfc062723c751e8b465ee728b)  -> (artifact id: 'a07a82a59687c6a676542a42676b6a22') in 0.011506 seconds 
========================================================================
Received Import Request.
  Time since last request: 0.000023 seconds.
  path: Assets/VainSabers/SaberLitInverted.mat
  artifactKey: Guid(61dcf9d6fc4cb2244885b842d7192c3c) Importer(815301076,1909f56bfc062723c751e8b465ee728b)
Start importing Assets/VainSabers/SaberLitInverted.mat using Guid(61dcf9d6fc4cb2244885b842d7192c3c) Importer(815301076,1909f56bfc062723c751e8b465ee728b)  -> (artifact id: 'b1ff56ffa01768753f4f65acb7641949') in 0.037602 seconds 
========================================================================
Received Import Request.
  Time since last request: 14.293352 seconds.
  path: Assets/VainSabers/SaberInverted.mat
  artifactKey: Guid(c60b73020a1109e42b1a6f3eb4517456) Importer(815301076,1909f56bfc062723c751e8b465ee728b)
Start importing Assets/VainSabers/SaberInverted.mat using Guid(c60b73020a1109e42b1a6f3eb4517456) Importer(815301076,1909f56bfc062723c751e8b465ee728b)  -> (artifact id: '0121631af3557fcc027374bb24c6fc05') in 0.063834 seconds 
========================================================================
Received Import Request.
  Time since last request: 0.000023 seconds.
  path: Assets/VainSabers/SaberLitInverted.mat
  artifactKey: Guid(61dcf9d6fc4cb2244885b842d7192c3c) Importer(815301076,1909f56bfc062723c751e8b465ee728b)
Start importing Assets/VainSabers/SaberLitInverted.mat using Guid(61dcf9d6fc4cb2244885b842d7192c3c) Importer(815301076,1909f56bfc062723c751e8b465ee728b)  -> (artifact id: '65b849039009bac9b5abea05143d73e1') in 0.014931 seconds 
========================================================================
Received Import Request.
  Time since last request: 42.527310 seconds.
  path: Assets/VainSabers/SaberInverted.mat
  artifactKey: Guid(c60b73020a1109e42b1a6f3eb4517456) Importer(815301076,1909f56bfc062723c751e8b465ee728b)
Start importing Assets/VainSabers/SaberInverted.mat using Guid(c60b73020a1109e42b1a6f3eb4517456) Importer(815301076,1909f56bfc062723c751e8b465ee728b)  -> (artifact id: '2a072c2a5e27e34f11fdbed990b7e4ce') in 0.021812 seconds 
========================================================================
Received Import Request.
  Time since last request: 38.549454 seconds.
  path: Assets/VainSabers/SaberInverted.mat
  artifactKey: Guid(c60b73020a1109e42b1a6f3eb4517456) Importer(815301076,1909f56bfc062723c751e8b465ee728b)
Start importing Assets/VainSabers/SaberInverted.mat using Guid(c60b73020a1109e42b1a6f3eb4517456) Importer(815301076,1909f56bfc062723c751e8b465ee728b)  -> (artifact id: '091e6b8a27701d407898fb6b4945e62c') in 0.012650 seconds 
========================================================================
Received Import Request.
  Time since last request: 4.657998 seconds.
  path: Assets/VainSabers/SaberInverted.mat
  artifactKey: Guid(c60b73020a1109e42b1a6f3eb4517456) Importer(815301076,1909f56bfc062723c751e8b465ee728b)
Start importing Assets/VainSabers/SaberInverted.mat using Guid(c60b73020a1109e42b1a6f3eb4517456) Importer(815301076,1909f56bfc062723c751e8b465ee728b)  -> (artifact id: 'd318eb5cdabdec0aad9cffde35a96084') in 0.047152 seconds 
========================================================================
Received Import Request.
  Time since last request: 14.040024 seconds.
  path: Assets/VainSabers/SaberInverted.mat
  artifactKey: Guid(c60b73020a1109e42b1a6f3eb4517456) Importer(815301076,1909f56bfc062723c751e8b465ee728b)
Start importing Assets/VainSabers/SaberInverted.mat using Guid(c60b73020a1109e42b1a6f3eb4517456) Importer(815301076,1909f56bfc062723c751e8b465ee728b)  -> (artifact id: '7f00db28a175693be5b707c2811d8653') in 0.011871 seconds 
========================================================================
Received Import Request.
  Time since last request: 17.486878 seconds.
  path: Assets/VainSabers/SaberInverted.mat
  artifactKey: Guid(c60b73020a1109e42b1a6f3eb4517456) Importer(815301076,1909f56bfc062723c751e8b465ee728b)
Start importing Assets/VainSabers/SaberInverted.mat using Guid(c60b73020a1109e42b1a6f3eb4517456) Importer(815301076,1909f56bfc062723c751e8b465ee728b)  -> (artifact id: '9d1eb48ad47aad0a13656923aad7f145') in 0.016051 seconds 
========================================================================
Received Import Request.
  Time since last request: 0.000027 seconds.
  path: Assets/VainSabers/SaberLitInverted.mat
  artifactKey: Guid(61dcf9d6fc4cb2244885b842d7192c3c) Importer(815301076,1909f56bfc062723c751e8b465ee728b)
Start importing Assets/VainSabers/SaberLitInverted.mat using Guid(61dcf9d6fc4cb2244885b842d7192c3c) Importer(815301076,1909f56bfc062723c751e8b465ee728b)  -> (artifact id: 'dd4ffcb89c3fb8419cdf87f4113554fe') in 0.024425 seconds 
========================================================================
Received Import Request.
  Time since last request: 46.925838 seconds.
  path: Assets/VainSabers/SaberInverted.mat
  artifactKey: Guid(c60b73020a1109e42b1a6f3eb4517456) Importer(815301076,1909f56bfc062723c751e8b465ee728b)
Start importing Assets/VainSabers/SaberInverted.mat using Guid(c60b73020a1109e42b1a6f3eb4517456) Importer(815301076,1909f56bfc062723c751e8b465ee728b)  -> (artifact id: 'd5932f1f15054851487fa926245f5804') in 0.022824 seconds 
========================================================================
Received Import Request.
  Time since last request: 21.340476 seconds.
  path: Assets/VainSabers/SaberInverted.mat
  artifactKey: Guid(c60b73020a1109e42b1a6f3eb4517456) Importer(815301076,1909f56bfc062723c751e8b465ee728b)
Start importing Assets/VainSabers/SaberInverted.mat using Guid(c60b73020a1109e42b1a6f3eb4517456) Importer(815301076,1909f56bfc062723c751e8b465ee728b)  -> (artifact id: '33df57daea13edf30bbd6a6e9b6ecc55') in 0.025995 seconds 
========================================================================
Received Import Request.
  Time since last request: 38.212640 seconds.
  path: Assets/VainSabers/SaberInverted.mat
  artifactKey: Guid(c60b73020a1109e42b1a6f3eb4517456) Importer(815301076,1909f56bfc062723c751e8b465ee728b)
Start importing Assets/VainSabers/SaberInverted.mat using Guid(c60b73020a1109e42b1a6f3eb4517456) Importer(815301076,1909f56bfc062723c751e8b465ee728b)  -> (artifact id: 'cf01da2f723c862dcf5b0d1b366d01ef') in 0.022142 seconds 
========================================================================
Received Import Request.
  Time since last request: 0.000025 seconds.
  path: Assets/VainSabers/SaberLitInverted.mat
  artifactKey: Guid(61dcf9d6fc4cb2244885b842d7192c3c) Importer(815301076,1909f56bfc062723c751e8b465ee728b)
Start importing Assets/VainSabers/SaberLitInverted.mat using Guid(61dcf9d6fc4cb2244885b842d7192c3c) Importer(815301076,1909f56bfc062723c751e8b465ee728b)  -> (artifact id: '7ad4f073f6eb50f6c80de83ed7252d0e') in 0.015010 seconds 
========================================================================
Received Import Request.
  Time since last request: 174.935601 seconds.
  path: Assets/VainSabers/Saber.mat
  artifactKey: Guid(19f8b4960e2902543b79b32c3c395bef) Importer(815301076,1909f56bfc062723c751e8b465ee728b)
Start importing Assets/VainSabers/Saber.mat using Guid(19f8b4960e2902543b79b32c3c395bef) Importer(815301076,1909f56bfc062723c751e8b465ee728b)  -> (artifact id: '4bd4a1a2ebd1e01ca5085df08c710f31') in 0.519880 seconds 
========================================================================
Received Import Request.
  Time since last request: 0.000095 seconds.
  path: Assets/VainSabers/SaberLitInverted.mat
  artifactKey: Guid(61dcf9d6fc4cb2244885b842d7192c3c) Importer(815301076,1909f56bfc062723c751e8b465ee728b)
Start importing Assets/VainSabers/SaberLitInverted.mat using Guid(61dcf9d6fc4cb2244885b842d7192c3c) Importer(815301076,1909f56bfc062723c751e8b465ee728b)  -> (artifact id: 'af7f97d78134adbed1c12bb36c4ad6cc') in 0.029062 seconds 
========================================================================
Received Import Request.
  Time since last request: 34.870423 seconds.
  path: Assets/VainSabers/Saber.mat
  artifactKey: Guid(19f8b4960e2902543b79b32c3c395bef) Importer(815301076,1909f56bfc062723c751e8b465ee728b)
Start importing Assets/VainSabers/Saber.mat using Guid(19f8b4960e2902543b79b32c3c395bef) Importer(815301076,1909f56bfc062723c751e8b465ee728b)  -> (artifact id: '8f8b43d441733de4d5879421871940c2') in 0.116508 seconds 
========================================================================
Received Import Request.
  Time since last request: 0.000023 seconds.
  path: Assets/VainSabers/SaberLit.mat
  artifactKey: Guid(d5edf0f459aa3c64e9ca9d4a1e4e087f) Importer(815301076,1909f56bfc062723c751e8b465ee728b)
Start importing Assets/VainSabers/SaberLit.mat using Guid(d5edf0f459aa3c64e9ca9d4a1e4e087f) Importer(815301076,1909f56bfc062723c751e8b465ee728b)  -> (artifact id: '54e102dd6e1876b3e7c2ffcd45c2b0a6') in 0.070577 seconds 
========================================================================
Received Import Request.
  Time since last request: 11.902211 seconds.
  path: Assets/VainSabers/Saber.mat
  artifactKey: Guid(19f8b4960e2902543b79b32c3c395bef) Importer(815301076,1909f56bfc062723c751e8b465ee728b)
Start importing Assets/VainSabers/Saber.mat using Guid(19f8b4960e2902543b79b32c3c395bef) Importer(815301076,1909f56bfc062723c751e8b465ee728b)  -> (artifact id: '90b0b38ab605fb4d8b73bebd0b355a74') in 0.055490 seconds 
========================================================================
Received Import Request.
  Time since last request: 0.000027 seconds.
  path: Assets/VainSabers/SaberLit.mat
  artifactKey: Guid(d5edf0f459aa3c64e9ca9d4a1e4e087f) Importer(815301076,1909f56bfc062723c751e8b465ee728b)
Start importing Assets/VainSabers/SaberLit.mat using Guid(d5edf0f459aa3c64e9ca9d4a1e4e087f) Importer(815301076,1909f56bfc062723c751e8b465ee728b)  -> (artifact id: '17d9e04e3371b7323503bdf272fdfea3') in 0.031324 seconds 
========================================================================
Received Import Request.
  Time since last request: 0.000036 seconds.
  path: Assets/VainSabers/SaberLitInverted.mat
  artifactKey: Guid(61dcf9d6fc4cb2244885b842d7192c3c) Importer(815301076,1909f56bfc062723c751e8b465ee728b)
Start importing Assets/VainSabers/SaberLitInverted.mat using Guid(61dcf9d6fc4cb2244885b842d7192c3c) Importer(815301076,1909f56bfc062723c751e8b465ee728b)  -> (artifact id: '8ff04d3063edfa804bd1223fb0fc4960') in 0.050983 seconds 
========================================================================
Received Import Request.
  Time since last request: 5.043871 seconds.
  path: Assets/VainSabers/Saber.mat
  artifactKey: Guid(19f8b4960e2902543b79b32c3c395bef) Importer(815301076,1909f56bfc062723c751e8b465ee728b)
Start importing Assets/VainSabers/Saber.mat using Guid(19f8b4960e2902543b79b32c3c395bef) Importer(815301076,1909f56bfc062723c751e8b465ee728b)  -> (artifact id: '6cfdd3ff8ada0d455c2610534d4e678e') in 0.045665 seconds 
========================================================================
Received Import Request.
  Time since last request: 0.000055 seconds.
  path: Assets/VainSabers/SaberLit.mat
  artifactKey: Guid(d5edf0f459aa3c64e9ca9d4a1e4e087f) Importer(815301076,1909f56bfc062723c751e8b465ee728b)
Start importing Assets/VainSabers/SaberLit.mat using Guid(d5edf0f459aa3c64e9ca9d4a1e4e087f) Importer(815301076,1909f56bfc062723c751e8b465ee728b)  -> (artifact id: '1b73ba28f788780dd8b224e8318d8846') in 0.052410 seconds 
Editor requested this worker to shutdown with reason: Scaling down because of idle timeout
AssetImportWorker is now disconnected from the server
Process exiting
Exiting without the bug reporter. Application will terminate with return code 0