Using pre-set license
Built from '2021.3/evg/staging/82bb020e-b03b1330/draft-0' branch; Version is '2021.3.16f1 (4016570cf34f) revision 4200023'; Using compiler version '192829333'; Build Type 'Release'
OS: 'Windows 11  (10.0.26100) 64bit Core' Language: 'en' Physical Memory: 16301 MB
BatchMode: 1, IsHumanControllingUs: 0, StartBugReporterOnCrash: 0, Is64bit: 1, IsPro: 1

COMMAND LINE ARGUMENTS:
C:\Program Files\Unity\Hub\Editor\2021.3.16f1\Editor\Unity.exe
-adb2
-batchMode
-noUpm
-name
AssetImportWorker2
-projectPath
C:/Users/dbasp/VainSabers asset creation
-logFile
Logs/AssetImportWorker2.log
-srvPort
59698
Successfully changed project path to: C:/Users/dbasp/VainSabers asset creation
C:/Users/dbasp/VainSabers asset creation
[UnityMemory] Configuration Parameters - Can be set up in boot.config
    "memorysetup-bucket-allocator-granularity=16"
    "memorysetup-bucket-allocator-bucket-count=8"
    "memorysetup-bucket-allocator-block-size=33554432"
    "memorysetup-bucket-allocator-block-count=8"
    "memorysetup-main-allocator-block-size=16777216"
    "memorysetup-thread-allocator-block-size=16777216"
    "memorysetup-gfx-main-allocator-block-size=16777216"
    "memorysetup-gfx-thread-allocator-block-size=16777216"
    "memorysetup-cache-allocator-block-size=4194304"
    "memorysetup-typetree-allocator-block-size=2097152"
    "memorysetup-profiler-bucket-allocator-granularity=16"
    "memorysetup-profiler-bucket-allocator-bucket-count=8"
    "memorysetup-profiler-bucket-allocator-block-size=33554432"
    "memorysetup-profiler-bucket-allocator-block-count=8"
    "memorysetup-profiler-allocator-block-size=16777216"
    "memorysetup-profiler-editor-allocator-block-size=1048576"
    "memorysetup-temp-allocator-size-main=16777216"
    "memorysetup-job-temp-allocator-block-size=2097152"
    "memorysetup-job-temp-allocator-block-size-background=1048576"
    "memorysetup-job-temp-allocator-reduction-small-platforms=262144"
    "memorysetup-temp-allocator-size-background-worker=32768"
    "memorysetup-temp-allocator-size-job-worker=262144"
    "memorysetup-temp-allocator-size-preload-manager=33554432"
    "memorysetup-temp-allocator-size-nav-mesh-worker=65536"
    "memorysetup-temp-allocator-size-audio-worker=65536"
    "memorysetup-temp-allocator-size-cloud-worker=32768"
    "memorysetup-temp-allocator-size-gi-baking-worker=262144"
    "memorysetup-temp-allocator-size-gfx=262144"
Player connection [24568] Host "[IP] 192.168.1.184 [Port] 0 [Flags] 2 [Guid] 3519222684 [EditorId] 3519222684 [Version] 1048832 [Id] WindowsEditor(7,Vainstains2) [Debug] 1 [PackageName] WindowsEditor [ProjectName] Editor" joined multi-casting on [225.0.0.222:54997]...

Player connection [24568] Host "[IP] 192.168.1.184 [Port] 0 [Flags] 2 [Guid] 3519222684 [EditorId] 3519222684 [Version] 1048832 [Id] WindowsEditor(7,Vainstains2) [Debug] 1 [PackageName] WindowsEditor [ProjectName] Editor" joined alternative multi-casting on [225.0.0.222:34997]...

Refreshing native plugins compatible for Editor in 91.76 ms, found 3 plugins.
Preloading 0 native plugins for Editor in 0.00 ms.
Initialize engine version: 2021.3.16f1 (4016570cf34f)
[Subsystems] Discovering subsystems at path C:/Program Files/Unity/Hub/Editor/2021.3.16f1/Editor/Data/Resources/UnitySubsystems
[Subsystems] Discovering subsystems at path C:/Users/dbasp/VainSabers asset creation/Assets
GfxDevice: creating device client; threaded=0; jobified=0
Direct3D:
    Version:  Direct3D 11.0 [level 11.1]
    Renderer: NVIDIA GeForce RTX 2060 SUPER (ID=0x1f06)
    Vendor:   NVIDIA
    VRAM:     8006 MB
    Driver:   32.0.15.6094
Initialize mono
Mono path[0] = 'C:/Program Files/Unity/Hub/Editor/2021.3.16f1/Editor/Data/Managed'
Mono path[1] = 'C:/Program Files/Unity/Hub/Editor/2021.3.16f1/Editor/Data/MonoBleedingEdge/lib/mono/unityjit-win32'
Mono config path = 'C:/Program Files/Unity/Hub/Editor/2021.3.16f1/Editor/Data/MonoBleedingEdge/etc'
Using monoOptions --debugger-agent=transport=dt_socket,embedding=1,server=y,suspend=n,address=127.0.0.1:56452
Begin MonoManager ReloadAssembly
Registering precompiled unity dll's ...
Register platform support module: C:/Program Files/Unity/Hub/Editor/2021.3.16f1/Editor/Data/PlaybackEngines/WindowsStandaloneSupport/UnityEditor.WindowsStandalone.Extensions.dll
Registered in 0.007299 seconds.
Native extension for WindowsStandalone target not found
Refreshing native plugins compatible for Editor in 88.68 ms, found 3 plugins.
Preloading 0 native plugins for Editor in 0.00 ms.
Mono: successfully reloaded assembly
- Completed reload, in  0.808 seconds
Domain Reload Profiling:
	ReloadAssembly (808ms)
		BeginReloadAssembly (112ms)
			ExecutionOrderSort (0ms)
			DisableScriptedObjects (0ms)
			BackupInstance (0ms)
			ReleaseScriptingObjects (0ms)
			CreateAndSetChildDomain (1ms)
		EndReloadAssembly (554ms)
			LoadAssemblies (109ms)
			RebuildTransferFunctionScriptingTraits (0ms)
			SetupTypeCache (128ms)
			ReleaseScriptCaches (0ms)
			RebuildScriptCaches (35ms)
			SetupLoadedEditorAssemblies (332ms)
				LogAssemblyErrors (0ms)
				InitializePlatformSupportModulesInManaged (9ms)
				SetLoadedEditorAssemblies (0ms)
				RefreshPlugins (89ms)
				BeforeProcessingInitializeOnLoad (2ms)
				ProcessInitializeOnLoadAttributes (177ms)
				ProcessInitializeOnLoadMethodAttributes (54ms)
				AfterProcessingInitializeOnLoad (0ms)
				EditorAssembliesLoaded (0ms)
			ExecutionOrderSort2 (0ms)
			AwakeInstancesAfterBackupRestoration (0ms)
Platform modules already initialized, skipping
Registering precompiled user dll's ...
Registered in 0.007786 seconds.
Begin MonoManager ReloadAssembly
Symbol file LoadedFromMemory doesn't match image C:\Users\dbasp\VainSabers asset creation\Library\PackageCache\com.unity.visualscripting@1.7.8\Editor\VisualScripting.Core\Dependencies\YamlDotNet\Unity.VisualScripting.YamlDotNet.dll
Symbol file LoadedFromMemory doesn't match image C:\Users\dbasp\VainSabers asset creation\Library\PackageCache\com.unity.visualscripting@1.7.8\Editor\VisualScripting.Core\Dependencies\DotNetZip\Unity.VisualScripting.IonicZip.dll
Native extension for WindowsStandalone target not found
Refreshing native plugins compatible for Editor in 1.85 ms, found 3 plugins.
Preloading 0 native plugins for Editor in 0.00 ms.
Mono: successfully reloaded assembly
- Completed reload, in  1.501 seconds
Domain Reload Profiling:
	ReloadAssembly (1502ms)
		BeginReloadAssembly (130ms)
			ExecutionOrderSort (0ms)
			DisableScriptedObjects (7ms)
			BackupInstance (0ms)
			ReleaseScriptingObjects (0ms)
			CreateAndSetChildDomain (22ms)
		EndReloadAssembly (1233ms)
			LoadAssemblies (111ms)
			RebuildTransferFunctionScriptingTraits (0ms)
			SetupTypeCache (432ms)
			ReleaseScriptCaches (1ms)
			RebuildScriptCaches (94ms)
			SetupLoadedEditorAssemblies (531ms)
				LogAssemblyErrors (0ms)
				InitializePlatformSupportModulesInManaged (11ms)
				SetLoadedEditorAssemblies (9ms)
				RefreshPlugins (3ms)
				BeforeProcessingInitializeOnLoad (121ms)
				ProcessInitializeOnLoadAttributes (343ms)
				ProcessInitializeOnLoadMethodAttributes (30ms)
				AfterProcessingInitializeOnLoad (13ms)
				EditorAssembliesLoaded (0ms)
			ExecutionOrderSort2 (0ms)
			AwakeInstancesAfterBackupRestoration (9ms)
Platform modules already initialized, skipping
========================================================================
Worker process is ready to serve import requests
Launched and connected shader compiler UnityShaderCompiler.exe after 0.23 seconds
Refreshing native plugins compatible for Editor in 0.65 ms, found 3 plugins.
Preloading 0 native plugins for Editor in 0.00 ms.
Unloading 3393 Unused Serialized files (Serialized files now loaded: 0)
Unloading 25 unused Assets / (56.1 KB). Loaded Objects now: 3858.
Memory consumption went from 118.7 MB to 118.6 MB.
Total: 3.779100 ms (FindLiveObjects: 0.345100 ms CreateObjectMapping: 0.084100 ms MarkObjects: 3.254600 ms  DeleteObjects: 0.094200 ms)

AssetImportParameters requested are different than current active one (requested -> active):
  custom:video-decoder-ogg-theora: a1e56fd34408186e4bbccfd4996cb3dc -> 
  custom:container-muxer-webm: aa71ff27fc2769a1b78a27578f13a17b -> 
  custom:container-demuxer-webm: 4f35f7cbe854078d1ac9338744f61a02 -> 
  custom:video-encoder-webm-vp8: eb34c28f22e8b96e1ab97ce403110664 -> 
  custom:video-codec-MediaFoundation-h265: 746d11721c4dcdbdad8f713fa42b33f4 -> 
  custom:audio-encoder-webm-vorbis: bf7c407c2cedff20999df2af8eb42d56 -> 
  custom:framework-win-MediaFoundation: 216162199b28c13a410421893ffa2e32 -> 
  custom:container-demuxer-ogg: 62fdf1f143b41e24485cea50d1cbac27 -> 
  custom:video-decoder-webm-vp8: 9c59270c3fd7afecdb556c50c9e8de78 -> 
  custom:audio-decoder-ogg-vorbis: bf7c407c2cedff20999df2af8eb42d56 -> 
========================================================================
Received Import Request.
  Time since last request: 20740.600689 seconds.
  path: Assets/VainSabers/BlurPart.cginc
  artifactKey: Guid(021e30a3a10b4ddc9c6fd333516f5e21) Importer(815301076,1909f56bfc062723c751e8b465ee728b)
Start importing Assets/VainSabers/BlurPart.cginc using Guid(021e30a3a10b4ddc9c6fd333516f5e21) Importer(815301076,1909f56bfc062723c751e8b465ee728b)  -> (artifact id: '41715abea3181934cbc6636eb23bd513') in 0.150351 seconds 
========================================================================
Received Import Request.
  Time since last request: 133.019629 seconds.
  path: Assets/VainSabers/BlurPart.cginc
  artifactKey: Guid(021e30a3a10b4ddc9c6fd333516f5e21) Importer(815301076,1909f56bfc062723c751e8b465ee728b)
Start importing Assets/VainSabers/BlurPart.cginc using Guid(021e30a3a10b4ddc9c6fd333516f5e21) Importer(815301076,1909f56bfc062723c751e8b465ee728b)  -> (artifact id: 'b89380110f21a5697326b88cd1a22214') in 0.002978 seconds 
========================================================================
Received Import Request.
  Time since last request: 0.000554 seconds.
  path: Assets/VainSabers/SaberInverted.mat
  artifactKey: Guid(c60b73020a1109e42b1a6f3eb4517456) Importer(815301076,1909f56bfc062723c751e8b465ee728b)
Start importing Assets/VainSabers/SaberInverted.mat using Guid(c60b73020a1109e42b1a6f3eb4517456) Importer(815301076,1909f56bfc062723c751e8b465ee728b)  -> (artifact id: '0b4810ca3753354964e1323e5939d23c') in 0.325778 seconds 
========================================================================
Received Import Request.
  Time since last request: 157.571923 seconds.
  path: Assets/VainSabers/BlurPart.cginc
  artifactKey: Guid(021e30a3a10b4ddc9c6fd333516f5e21) Importer(815301076,1909f56bfc062723c751e8b465ee728b)
Start importing Assets/VainSabers/BlurPart.cginc using Guid(021e30a3a10b4ddc9c6fd333516f5e21) Importer(815301076,1909f56bfc062723c751e8b465ee728b)  -> (artifact id: '64ac09af0d8f6de25b533a8dbc4763c8') in 0.003024 seconds 
========================================================================
Received Import Request.
  Time since last request: 0.000975 seconds.
  path: Assets/VainSabers/SaberInverted.mat
  artifactKey: Guid(c60b73020a1109e42b1a6f3eb4517456) Importer(815301076,1909f56bfc062723c751e8b465ee728b)
Start importing Assets/VainSabers/SaberInverted.mat using Guid(c60b73020a1109e42b1a6f3eb4517456) Importer(815301076,1909f56bfc062723c751e8b465ee728b)  -> (artifact id: '6be3baa4b748387e2e6cd7c4f5f02dff') in 0.012796 seconds 
========================================================================
Received Import Request.
  Time since last request: 0.000041 seconds.
  path: Assets/VainSabers/SaberLit.mat
  artifactKey: Guid(d5edf0f459aa3c64e9ca9d4a1e4e087f) Importer(815301076,1909f56bfc062723c751e8b465ee728b)
Start importing Assets/VainSabers/SaberLit.mat using Guid(d5edf0f459aa3c64e9ca9d4a1e4e087f) Importer(815301076,1909f56bfc062723c751e8b465ee728b)  -> (artifact id: 'b1214e316dc6ad450389861428db9765') in 0.014791 seconds 
========================================================================
Received Import Request.
  Time since last request: 0.000034 seconds.
  path: Assets/VainSabers/SaberLitInverted.mat
  artifactKey: Guid(61dcf9d6fc4cb2244885b842d7192c3c) Importer(815301076,1909f56bfc062723c751e8b465ee728b)
Start importing Assets/VainSabers/SaberLitInverted.mat using Guid(61dcf9d6fc4cb2244885b842d7192c3c) Importer(815301076,1909f56bfc062723c751e8b465ee728b)  -> (artifact id: '9e6ef47f16e2ab9ca2be84ce41de82b0') in 0.013299 seconds 
========================================================================
Received Import Request.
  Time since last request: 6.657584 seconds.
  path: Assets/VainSabers/Saber.mat
  artifactKey: Guid(19f8b4960e2902543b79b32c3c395bef) Importer(815301076,1909f56bfc062723c751e8b465ee728b)
Start importing Assets/VainSabers/Saber.mat using Guid(19f8b4960e2902543b79b32c3c395bef) Importer(815301076,1909f56bfc062723c751e8b465ee728b)  -> (artifact id: 'e79a48620eb5513f668b03f1f2977304') in 0.028502 seconds 
========================================================================
Received Import Request.
  Time since last request: 0.000029 seconds.
  path: Assets/VainSabers/SaberLitInverted.mat
  artifactKey: Guid(61dcf9d6fc4cb2244885b842d7192c3c) Importer(815301076,1909f56bfc062723c751e8b465ee728b)
Start importing Assets/VainSabers/SaberLitInverted.mat using Guid(61dcf9d6fc4cb2244885b842d7192c3c) Importer(815301076,1909f56bfc062723c751e8b465ee728b)  -> (artifact id: '0b780b0cbb34aabf070186febbe730dc') in 0.014140 seconds 
========================================================================
Received Import Request.
  Time since last request: 38.456623 seconds.
  path: Assets/VainSabers/Saber.mat
  artifactKey: Guid(19f8b4960e2902543b79b32c3c395bef) Importer(815301076,1909f56bfc062723c751e8b465ee728b)
Start importing Assets/VainSabers/Saber.mat using Guid(19f8b4960e2902543b79b32c3c395bef) Importer(815301076,1909f56bfc062723c751e8b465ee728b)  -> (artifact id: 'ef3c4af0559ea1476ccfde155c05be67') in 0.013972 seconds 
========================================================================
Received Import Request.
  Time since last request: 0.000035 seconds.
  path: Assets/VainSabers/SaberLitInverted.mat
  artifactKey: Guid(61dcf9d6fc4cb2244885b842d7192c3c) Importer(815301076,1909f56bfc062723c751e8b465ee728b)
Start importing Assets/VainSabers/SaberLitInverted.mat using Guid(61dcf9d6fc4cb2244885b842d7192c3c) Importer(815301076,1909f56bfc062723c751e8b465ee728b)  -> (artifact id: 'b20f13a8a62f2314bf40c78480d80d07') in 0.010654 seconds 
========================================================================
Received Prepare
Registering precompiled user dll's ...
Registered in 0.007960 seconds.
Begin MonoManager ReloadAssembly
Symbol file LoadedFromMemory doesn't match image C:\Users\dbasp\VainSabers asset creation\Library\PackageCache\com.unity.visualscripting@1.7.8\Editor\VisualScripting.Core\Dependencies\YamlDotNet\Unity.VisualScripting.YamlDotNet.dll
Symbol file LoadedFromMemory doesn't match image C:\Users\dbasp\VainSabers asset creation\Library\PackageCache\com.unity.visualscripting@1.7.8\Editor\VisualScripting.Core\Dependencies\DotNetZip\Unity.VisualScripting.IonicZip.dll
Native extension for WindowsStandalone target not found
Refreshing native plugins compatible for Editor in 0.64 ms, found 3 plugins.
Preloading 0 native plugins for Editor in 0.00 ms.
Mono: successfully reloaded assembly
- Completed reload, in  1.221 seconds
Domain Reload Profiling:
	ReloadAssembly (1221ms)
		BeginReloadAssembly (183ms)
			ExecutionOrderSort (0ms)
			DisableScriptedObjects (8ms)
			BackupInstance (0ms)
			ReleaseScriptingObjects (0ms)
			CreateAndSetChildDomain (62ms)
		EndReloadAssembly (910ms)
			LoadAssemblies (107ms)
			RebuildTransferFunctionScriptingTraits (0ms)
			SetupTypeCache (323ms)
			ReleaseScriptCaches (1ms)
			RebuildScriptCaches (50ms)
			SetupLoadedEditorAssemblies (380ms)
				LogAssemblyErrors (0ms)
				InitializePlatformSupportModulesInManaged (15ms)
				SetLoadedEditorAssemblies (1ms)
				RefreshPlugins (1ms)
				BeforeProcessingInitializeOnLoad (81ms)
				ProcessInitializeOnLoadAttributes (245ms)
				ProcessInitializeOnLoadMethodAttributes (29ms)
				AfterProcessingInitializeOnLoad (10ms)
				EditorAssembliesLoaded (0ms)
			ExecutionOrderSort2 (0ms)
			AwakeInstancesAfterBackupRestoration (8ms)
Platform modules already initialized, skipping
Refreshing native plugins compatible for Editor in 2.70 ms, found 3 plugins.
Preloading 0 native plugins for Editor in 0.00 ms.
Unloading 3373 Unused Serialized files (Serialized files now loaded: 0)
Unloading 18 unused Assets / (24.6 KB). Loaded Objects now: 3902.
Memory consumption went from 121.7 MB to 121.7 MB.
Total: 3.687400 ms (FindLiveObjects: 0.437500 ms CreateObjectMapping: 0.084800 ms MarkObjects: 3.125800 ms  DeleteObjects: 0.037900 ms)

AssetImportParameters requested are different than current active one (requested -> active):
  custom:video-decoder-ogg-theora: a1e56fd34408186e4bbccfd4996cb3dc -> 
  custom:container-muxer-webm: aa71ff27fc2769a1b78a27578f13a17b -> 
  custom:container-demuxer-webm: 4f35f7cbe854078d1ac9338744f61a02 -> 
  custom:video-encoder-webm-vp8: eb34c28f22e8b96e1ab97ce403110664 -> 
  custom:video-codec-MediaFoundation-h265: 746d11721c4dcdbdad8f713fa42b33f4 -> 
  custom:audio-encoder-webm-vorbis: bf7c407c2cedff20999df2af8eb42d56 -> 
  custom:framework-win-MediaFoundation: 216162199b28c13a410421893ffa2e32 -> 
  custom:container-demuxer-ogg: 62fdf1f143b41e24485cea50d1cbac27 -> 
  custom:video-decoder-webm-vp8: 9c59270c3fd7afecdb556c50c9e8de78 -> 
  custom:audio-decoder-ogg-vorbis: bf7c407c2cedff20999df2af8eb42d56 -> 
========================================================================
Received Prepare
Registering precompiled user dll's ...
Registered in 0.009992 seconds.
Begin MonoManager ReloadAssembly
Symbol file LoadedFromMemory doesn't match image C:\Users\dbasp\VainSabers asset creation\Library\PackageCache\com.unity.visualscripting@1.7.8\Editor\VisualScripting.Core\Dependencies\YamlDotNet\Unity.VisualScripting.YamlDotNet.dll
Symbol file LoadedFromMemory doesn't match image C:\Users\dbasp\VainSabers asset creation\Library\PackageCache\com.unity.visualscripting@1.7.8\Editor\VisualScripting.Core\Dependencies\DotNetZip\Unity.VisualScripting.IonicZip.dll
Native extension for WindowsStandalone target not found
Refreshing native plugins compatible for Editor in 0.74 ms, found 3 plugins.
Preloading 0 native plugins for Editor in 0.00 ms.
Mono: successfully reloaded assembly
- Completed reload, in  1.154 seconds
Domain Reload Profiling:
	ReloadAssembly (1155ms)
		BeginReloadAssembly (160ms)
			ExecutionOrderSort (0ms)
			DisableScriptedObjects (6ms)
			BackupInstance (0ms)
			ReleaseScriptingObjects (0ms)
			CreateAndSetChildDomain (41ms)
		EndReloadAssembly (878ms)
			LoadAssemblies (111ms)
			RebuildTransferFunctionScriptingTraits (0ms)
			SetupTypeCache (289ms)
			ReleaseScriptCaches (1ms)
			RebuildScriptCaches (49ms)
			SetupLoadedEditorAssemblies (391ms)
				LogAssemblyErrors (0ms)
				InitializePlatformSupportModulesInManaged (14ms)
				SetLoadedEditorAssemblies (1ms)
				RefreshPlugins (1ms)
				BeforeProcessingInitializeOnLoad (81ms)
				ProcessInitializeOnLoadAttributes (250ms)
				ProcessInitializeOnLoadMethodAttributes (33ms)
				AfterProcessingInitializeOnLoad (12ms)
				EditorAssembliesLoaded (0ms)
			ExecutionOrderSort2 (0ms)
			AwakeInstancesAfterBackupRestoration (7ms)
Platform modules already initialized, skipping
Refreshing native plugins compatible for Editor in 2.65 ms, found 3 plugins.
Preloading 0 native plugins for Editor in 0.00 ms.
Unloading 3373 Unused Serialized files (Serialized files now loaded: 0)
Unloading 18 unused Assets / (24.6 KB). Loaded Objects now: 3905.
Memory consumption went from 121.7 MB to 121.7 MB.
Total: 3.089600 ms (FindLiveObjects: 0.297000 ms CreateObjectMapping: 0.078500 ms MarkObjects: 2.690500 ms  DeleteObjects: 0.022400 ms)

AssetImportParameters requested are different than current active one (requested -> active):
  custom:video-decoder-ogg-theora: a1e56fd34408186e4bbccfd4996cb3dc -> 
  custom:container-muxer-webm: aa71ff27fc2769a1b78a27578f13a17b -> 
  custom:container-demuxer-webm: 4f35f7cbe854078d1ac9338744f61a02 -> 
  custom:video-encoder-webm-vp8: eb34c28f22e8b96e1ab97ce403110664 -> 
  custom:video-codec-MediaFoundation-h265: 746d11721c4dcdbdad8f713fa42b33f4 -> 
  custom:audio-encoder-webm-vorbis: bf7c407c2cedff20999df2af8eb42d56 -> 
  custom:framework-win-MediaFoundation: 216162199b28c13a410421893ffa2e32 -> 
  custom:container-demuxer-ogg: 62fdf1f143b41e24485cea50d1cbac27 -> 
  custom:video-decoder-webm-vp8: 9c59270c3fd7afecdb556c50c9e8de78 -> 
  custom:audio-decoder-ogg-vorbis: bf7c407c2cedff20999df2af8eb42d56 -> 
========================================================================
Received Prepare
Registering precompiled user dll's ...
Registered in 0.008105 seconds.
Begin MonoManager ReloadAssembly
Symbol file LoadedFromMemory doesn't match image C:\Users\dbasp\VainSabers asset creation\Library\PackageCache\com.unity.visualscripting@1.7.8\Editor\VisualScripting.Core\Dependencies\YamlDotNet\Unity.VisualScripting.YamlDotNet.dll
Symbol file LoadedFromMemory doesn't match image C:\Users\dbasp\VainSabers asset creation\Library\PackageCache\com.unity.visualscripting@1.7.8\Editor\VisualScripting.Core\Dependencies\DotNetZip\Unity.VisualScripting.IonicZip.dll
Native extension for WindowsStandalone target not found
Refreshing native plugins compatible for Editor in 0.67 ms, found 3 plugins.
Preloading 0 native plugins for Editor in 0.00 ms.
Mono: successfully reloaded assembly
- Completed reload, in  1.156 seconds
Domain Reload Profiling:
	ReloadAssembly (1156ms)
		BeginReloadAssembly (153ms)
			ExecutionOrderSort (0ms)
			DisableScriptedObjects (7ms)
			BackupInstance (0ms)
			ReleaseScriptingObjects (0ms)
			CreateAndSetChildDomain (39ms)
		EndReloadAssembly (890ms)
			LoadAssemblies (104ms)
			RebuildTransferFunctionScriptingTraits (0ms)
			SetupTypeCache (292ms)
			ReleaseScriptCaches (1ms)
			RebuildScriptCaches (47ms)
			SetupLoadedEditorAssemblies (403ms)
				LogAssemblyErrors (0ms)
				InitializePlatformSupportModulesInManaged (14ms)
				SetLoadedEditorAssemblies (1ms)
				RefreshPlugins (1ms)
				BeforeProcessingInitializeOnLoad (87ms)
				ProcessInitializeOnLoadAttributes (252ms)
				ProcessInitializeOnLoadMethodAttributes (35ms)
				AfterProcessingInitializeOnLoad (13ms)
				EditorAssembliesLoaded (0ms)
			ExecutionOrderSort2 (0ms)
			AwakeInstancesAfterBackupRestoration (7ms)
Platform modules already initialized, skipping
Refreshing native plugins compatible for Editor in 2.32 ms, found 3 plugins.
Preloading 0 native plugins for Editor in 0.00 ms.
Unloading 3373 Unused Serialized files (Serialized files now loaded: 0)
Unloading 18 unused Assets / (24.7 KB). Loaded Objects now: 3908.
Memory consumption went from 121.7 MB to 121.7 MB.
Total: 3.425000 ms (FindLiveObjects: 0.284300 ms CreateObjectMapping: 0.076500 ms MarkObjects: 3.032700 ms  DeleteObjects: 0.030000 ms)

AssetImportParameters requested are different than current active one (requested -> active):
  custom:video-decoder-ogg-theora: a1e56fd34408186e4bbccfd4996cb3dc -> 
  custom:container-muxer-webm: aa71ff27fc2769a1b78a27578f13a17b -> 
  custom:container-demuxer-webm: 4f35f7cbe854078d1ac9338744f61a02 -> 
  custom:video-encoder-webm-vp8: eb34c28f22e8b96e1ab97ce403110664 -> 
  custom:video-codec-MediaFoundation-h265: 746d11721c4dcdbdad8f713fa42b33f4 -> 
  custom:audio-encoder-webm-vorbis: bf7c407c2cedff20999df2af8eb42d56 -> 
  custom:framework-win-MediaFoundation: 216162199b28c13a410421893ffa2e32 -> 
  custom:container-demuxer-ogg: 62fdf1f143b41e24485cea50d1cbac27 -> 
  custom:video-decoder-webm-vp8: 9c59270c3fd7afecdb556c50c9e8de78 -> 
  custom:audio-decoder-ogg-vorbis: bf7c407c2cedff20999df2af8eb42d56 -> 
========================================================================
Received Prepare
Registering precompiled user dll's ...
Registered in 0.009954 seconds.
Begin MonoManager ReloadAssembly
Symbol file LoadedFromMemory doesn't match image C:\Users\dbasp\VainSabers asset creation\Library\PackageCache\com.unity.visualscripting@1.7.8\Editor\VisualScripting.Core\Dependencies\YamlDotNet\Unity.VisualScripting.YamlDotNet.dll
Symbol file LoadedFromMemory doesn't match image C:\Users\dbasp\VainSabers asset creation\Library\PackageCache\com.unity.visualscripting@1.7.8\Editor\VisualScripting.Core\Dependencies\DotNetZip\Unity.VisualScripting.IonicZip.dll
Native extension for WindowsStandalone target not found
Refreshing native plugins compatible for Editor in 0.66 ms, found 3 plugins.
Preloading 0 native plugins for Editor in 0.00 ms.
Mono: successfully reloaded assembly
- Completed reload, in  1.165 seconds
Domain Reload Profiling:
	ReloadAssembly (1166ms)
		BeginReloadAssembly (151ms)
			ExecutionOrderSort (0ms)
			DisableScriptedObjects (7ms)
			BackupInstance (0ms)
			ReleaseScriptingObjects (0ms)
			CreateAndSetChildDomain (39ms)
		EndReloadAssembly (904ms)
			LoadAssemblies (102ms)
			RebuildTransferFunctionScriptingTraits (0ms)
			SetupTypeCache (298ms)
			ReleaseScriptCaches (2ms)
			RebuildScriptCaches (50ms)
			SetupLoadedEditorAssemblies (405ms)
				LogAssemblyErrors (0ms)
				InitializePlatformSupportModulesInManaged (13ms)
				SetLoadedEditorAssemblies (1ms)
				RefreshPlugins (1ms)
				BeforeProcessingInitializeOnLoad (84ms)
				ProcessInitializeOnLoadAttributes (265ms)
				ProcessInitializeOnLoadMethodAttributes (31ms)
				AfterProcessingInitializeOnLoad (10ms)
				EditorAssembliesLoaded (0ms)
			ExecutionOrderSort2 (0ms)
			AwakeInstancesAfterBackupRestoration (8ms)
Platform modules already initialized, skipping
Refreshing native plugins compatible for Editor in 2.27 ms, found 3 plugins.
Preloading 0 native plugins for Editor in 0.00 ms.
Unloading 3373 Unused Serialized files (Serialized files now loaded: 0)
Unloading 18 unused Assets / (24.6 KB). Loaded Objects now: 3911.
Memory consumption went from 121.7 MB to 121.7 MB.
Total: 5.049600 ms (FindLiveObjects: 0.294200 ms CreateObjectMapping: 0.082300 ms MarkObjects: 4.642000 ms  DeleteObjects: 0.029900 ms)

AssetImportParameters requested are different than current active one (requested -> active):
  custom:video-decoder-ogg-theora: a1e56fd34408186e4bbccfd4996cb3dc -> 
  custom:container-muxer-webm: aa71ff27fc2769a1b78a27578f13a17b -> 
  custom:container-demuxer-webm: 4f35f7cbe854078d1ac9338744f61a02 -> 
  custom:video-encoder-webm-vp8: eb34c28f22e8b96e1ab97ce403110664 -> 
  custom:video-codec-MediaFoundation-h265: 746d11721c4dcdbdad8f713fa42b33f4 -> 
  custom:audio-encoder-webm-vorbis: bf7c407c2cedff20999df2af8eb42d56 -> 
  custom:framework-win-MediaFoundation: 216162199b28c13a410421893ffa2e32 -> 
  custom:container-demuxer-ogg: 62fdf1f143b41e24485cea50d1cbac27 -> 
  custom:video-decoder-webm-vp8: 9c59270c3fd7afecdb556c50c9e8de78 -> 
  custom:audio-decoder-ogg-vorbis: bf7c407c2cedff20999df2af8eb42d56 -> 
========================================================================
Received Import Request.
  Time since last request: 331.993639 seconds.
  path: Assets/VainSabers/Saber.mat
  artifactKey: Guid(19f8b4960e2902543b79b32c3c395bef) Importer(815301076,1909f56bfc062723c751e8b465ee728b)
Start importing Assets/VainSabers/Saber.mat using Guid(19f8b4960e2902543b79b32c3c395bef) Importer(815301076,1909f56bfc062723c751e8b465ee728b)  -> (artifact id: 'c7523e8900f80641a959f4e503e85508') in 0.227409 seconds 
========================================================================
Received Import Request.
  Time since last request: 0.000025 seconds.
  path: Assets/VainSabers/SaberLit.mat
  artifactKey: Guid(d5edf0f459aa3c64e9ca9d4a1e4e087f) Importer(815301076,1909f56bfc062723c751e8b465ee728b)
Start importing Assets/VainSabers/SaberLit.mat using Guid(d5edf0f459aa3c64e9ca9d4a1e4e087f) Importer(815301076,1909f56bfc062723c751e8b465ee728b)  -> (artifact id: 'a743efe1d3a282b06210ecf00ecbdf04') in 0.116614 seconds 
========================================================================
Received Import Request.
  Time since last request: 12.927199 seconds.
  path: Assets/VainSabers/Saber.mat
  artifactKey: Guid(19f8b4960e2902543b79b32c3c395bef) Importer(815301076,1909f56bfc062723c751e8b465ee728b)
Start importing Assets/VainSabers/Saber.mat using Guid(19f8b4960e2902543b79b32c3c395bef) Importer(815301076,1909f56bfc062723c751e8b465ee728b)  -> (artifact id: 'f08ca0d9e779cdc3e6ade557017ccef0') in 0.028037 seconds 
========================================================================
Received Import Request.
  Time since last request: 0.000026 seconds.
  path: Assets/VainSabers/SaberLitInverted.mat
  artifactKey: Guid(61dcf9d6fc4cb2244885b842d7192c3c) Importer(815301076,1909f56bfc062723c751e8b465ee728b)
Start importing Assets/VainSabers/SaberLitInverted.mat using Guid(61dcf9d6fc4cb2244885b842d7192c3c) Importer(815301076,1909f56bfc062723c751e8b465ee728b)  -> (artifact id: '0e9af49c979e462c35ed82db1fc7f294') in 0.008956 seconds 
========================================================================
Received Import Request.
  Time since last request: 19.236574 seconds.
  path: Assets/VainSabers/Saber.mat
  artifactKey: Guid(19f8b4960e2902543b79b32c3c395bef) Importer(815301076,1909f56bfc062723c751e8b465ee728b)
Start importing Assets/VainSabers/Saber.mat using Guid(19f8b4960e2902543b79b32c3c395bef) Importer(815301076,1909f56bfc062723c751e8b465ee728b)  -> (artifact id: '41c1f7071fe96f49930ce953fcb2f0ec') in 0.033250 seconds 
========================================================================
Received Import Request.
  Time since last request: 0.000020 seconds.
  path: Assets/VainSabers/SaberLitInverted.mat
  artifactKey: Guid(61dcf9d6fc4cb2244885b842d7192c3c) Importer(815301076,1909f56bfc062723c751e8b465ee728b)
Start importing Assets/VainSabers/SaberLitInverted.mat using Guid(61dcf9d6fc4cb2244885b842d7192c3c) Importer(815301076,1909f56bfc062723c751e8b465ee728b)  -> (artifact id: '8c15d3ffdc953d15fb8c4d31d1c27565') in 0.017740 seconds 
========================================================================
Received Import Request.
  Time since last request: 35.928921 seconds.
  path: Assets/VainSabers/Saber.mat
  artifactKey: Guid(19f8b4960e2902543b79b32c3c395bef) Importer(815301076,1909f56bfc062723c751e8b465ee728b)
Start importing Assets/VainSabers/Saber.mat using Guid(19f8b4960e2902543b79b32c3c395bef) Importer(815301076,1909f56bfc062723c751e8b465ee728b)  -> (artifact id: '37e699b6fbb73f758d171bb8de480fb1') in 0.114481 seconds 
========================================================================
Received Import Request.
  Time since last request: 10.716559 seconds.
  path: Assets/VainSabers/Saber.mat
  artifactKey: Guid(19f8b4960e2902543b79b32c3c395bef) Importer(815301076,1909f56bfc062723c751e8b465ee728b)
Start importing Assets/VainSabers/Saber.mat using Guid(19f8b4960e2902543b79b32c3c395bef) Importer(815301076,1909f56bfc062723c751e8b465ee728b)  -> (artifact id: 'eb15b3e434fee175ba640b8d5dbdd2bd') in 0.018002 seconds 
========================================================================
Received Import Request.
  Time since last request: 0.000030 seconds.
  path: Assets/VainSabers/SaberLitInverted.mat
  artifactKey: Guid(61dcf9d6fc4cb2244885b842d7192c3c) Importer(815301076,1909f56bfc062723c751e8b465ee728b)
Start importing Assets/VainSabers/SaberLitInverted.mat using Guid(61dcf9d6fc4cb2244885b842d7192c3c) Importer(815301076,1909f56bfc062723c751e8b465ee728b)  -> (artifact id: '10e3c2dce84d4980290f54721b8b0720') in 0.012835 seconds 
========================================================================
Received Import Request.
  Time since last request: 73.478877 seconds.
  path: Assets/VainSabers/BlurPart.cginc
  artifactKey: Guid(021e30a3a10b4ddc9c6fd333516f5e21) Importer(815301076,1909f56bfc062723c751e8b465ee728b)
Start importing Assets/VainSabers/BlurPart.cginc using Guid(021e30a3a10b4ddc9c6fd333516f5e21) Importer(815301076,1909f56bfc062723c751e8b465ee728b)  -> (artifact id: 'c8bc9ba3bdd4c847d6eecf46dd605ea3') in 0.002799 seconds 
========================================================================
Received Import Request.
  Time since last request: 0.000041 seconds.
  path: Assets/VainSabers/SaberInverted.mat
  artifactKey: Guid(c60b73020a1109e42b1a6f3eb4517456) Importer(815301076,1909f56bfc062723c751e8b465ee728b)
Start importing Assets/VainSabers/SaberInverted.mat using Guid(c60b73020a1109e42b1a6f3eb4517456) Importer(815301076,1909f56bfc062723c751e8b465ee728b)  -> (artifact id: '16dab76672e97ef52311047ef6cbb960') in 0.036466 seconds 
========================================================================
Received Import Request.
  Time since last request: 0.000037 seconds.
  path: Assets/VainSabers/SaberLitInverted.mat
  artifactKey: Guid(61dcf9d6fc4cb2244885b842d7192c3c) Importer(815301076,1909f56bfc062723c751e8b465ee728b)
Start importing Assets/VainSabers/SaberLitInverted.mat using Guid(61dcf9d6fc4cb2244885b842d7192c3c) Importer(815301076,1909f56bfc062723c751e8b465ee728b)  -> (artifact id: 'b60cc34803890e080f297df06acd823d') in 0.016503 seconds 
========================================================================
Received Import Request.
  Time since last request: 15.024404 seconds.
  path: Assets/VainSabers/BlurPart.cginc
  artifactKey: Guid(021e30a3a10b4ddc9c6fd333516f5e21) Importer(815301076,1909f56bfc062723c751e8b465ee728b)
Start importing Assets/VainSabers/BlurPart.cginc using Guid(021e30a3a10b4ddc9c6fd333516f5e21) Importer(815301076,1909f56bfc062723c751e8b465ee728b)  -> (artifact id: 'f18e3857058e568ff11bebb1b70092df') in 0.003350 seconds 
========================================================================
Received Import Request.
  Time since last request: 0.000028 seconds.
  path: Assets/VainSabers/SaberLit.mat
  artifactKey: Guid(d5edf0f459aa3c64e9ca9d4a1e4e087f) Importer(815301076,1909f56bfc062723c751e8b465ee728b)
Start importing Assets/VainSabers/SaberLit.mat using Guid(d5edf0f459aa3c64e9ca9d4a1e4e087f) Importer(815301076,1909f56bfc062723c751e8b465ee728b)  -> (artifact id: 'f97021f4cac1e9ea76aa1c95ecd804dc') in 0.010899 seconds 
========================================================================
Received Import Request.
  Time since last request: 15.082620 seconds.
  path: Assets/VainSabers/BlurPart.cginc
  artifactKey: Guid(021e30a3a10b4ddc9c6fd333516f5e21) Importer(815301076,1909f56bfc062723c751e8b465ee728b)
Start importing Assets/VainSabers/BlurPart.cginc using Guid(021e30a3a10b4ddc9c6fd333516f5e21) Importer(815301076,1909f56bfc062723c751e8b465ee728b)  -> (artifact id: 'a7620d24c7a81ebd4c83a47467a3127c') in 0.002760 seconds 
========================================================================
Received Import Request.
  Time since last request: 0.000021 seconds.
  path: Assets/VainSabers/SaberLit.mat
  artifactKey: Guid(d5edf0f459aa3c64e9ca9d4a1e4e087f) Importer(815301076,1909f56bfc062723c751e8b465ee728b)
Start importing Assets/VainSabers/SaberLit.mat using Guid(d5edf0f459aa3c64e9ca9d4a1e4e087f) Importer(815301076,1909f56bfc062723c751e8b465ee728b)  -> (artifact id: 'ebc9c1d980aeec08230319b469a1712e') in 0.030180 seconds 
========================================================================
Received Import Request.
  Time since last request: 21.575961 seconds.
  path: Assets/VainSabers/BlurPart.cginc
  artifactKey: Guid(021e30a3a10b4ddc9c6fd333516f5e21) Importer(815301076,1909f56bfc062723c751e8b465ee728b)
Start importing Assets/VainSabers/BlurPart.cginc using Guid(021e30a3a10b4ddc9c6fd333516f5e21) Importer(815301076,1909f56bfc062723c751e8b465ee728b)  -> (artifact id: 'c4cc78e83e6113ba16b8e1abf08a29f5') in 0.003125 seconds 
========================================================================
Received Import Request.
  Time since last request: 0.000027 seconds.
  path: Assets/VainSabers/SaberLit.mat
  artifactKey: Guid(d5edf0f459aa3c64e9ca9d4a1e4e087f) Importer(815301076,1909f56bfc062723c751e8b465ee728b)
Start importing Assets/VainSabers/SaberLit.mat using Guid(d5edf0f459aa3c64e9ca9d4a1e4e087f) Importer(815301076,1909f56bfc062723c751e8b465ee728b)  -> (artifact id: '215b49a433c80d17e2c4fb62c864e663') in 0.019418 seconds 
========================================================================
Received Import Request.
  Time since last request: 16.959667 seconds.
  path: Assets/VainSabers/BlurPart.cginc
  artifactKey: Guid(021e30a3a10b4ddc9c6fd333516f5e21) Importer(815301076,1909f56bfc062723c751e8b465ee728b)
Start importing Assets/VainSabers/BlurPart.cginc using Guid(021e30a3a10b4ddc9c6fd333516f5e21) Importer(815301076,1909f56bfc062723c751e8b465ee728b)  -> (artifact id: 'dda60cc810b1b06404b9b25708950aec') in 0.003179 seconds 
========================================================================
Received Import Request.
  Time since last request: 0.000023 seconds.
  path: Assets/VainSabers/SaberLit.mat
  artifactKey: Guid(d5edf0f459aa3c64e9ca9d4a1e4e087f) Importer(815301076,1909f56bfc062723c751e8b465ee728b)
Start importing Assets/VainSabers/SaberLit.mat using Guid(d5edf0f459aa3c64e9ca9d4a1e4e087f) Importer(815301076,1909f56bfc062723c751e8b465ee728b)  -> (artifact id: '4da83e8320da673cecec5c078c7e24f7') in 0.038409 seconds 
========================================================================
Received Import Request.
  Time since last request: 66.204320 seconds.
  path: Assets/VainSabers/BlurPart.cginc
  artifactKey: Guid(021e30a3a10b4ddc9c6fd333516f5e21) Importer(815301076,1909f56bfc062723c751e8b465ee728b)
Start importing Assets/VainSabers/BlurPart.cginc using Guid(021e30a3a10b4ddc9c6fd333516f5e21) Importer(815301076,1909f56bfc062723c751e8b465ee728b)  -> (artifact id: '112a41278979d831cd01d6890a9a19c8') in 0.002605 seconds 
========================================================================
Received Import Request.
  Time since last request: 0.005152 seconds.
  path: Assets/VainSabers/SaberInverted.mat
  artifactKey: Guid(c60b73020a1109e42b1a6f3eb4517456) Importer(815301076,1909f56bfc062723c751e8b465ee728b)
Start importing Assets/VainSabers/SaberInverted.mat using Guid(c60b73020a1109e42b1a6f3eb4517456) Importer(815301076,1909f56bfc062723c751e8b465ee728b)  -> (artifact id: '31e2fedbdda5866a5ca2e9ead878f927') in 0.039250 seconds 
========================================================================
Received Import Request.
  Time since last request: 0.000025 seconds.
  path: Assets/VainSabers/SaberLitInverted.mat
  artifactKey: Guid(61dcf9d6fc4cb2244885b842d7192c3c) Importer(815301076,1909f56bfc062723c751e8b465ee728b)
Start importing Assets/VainSabers/SaberLitInverted.mat using Guid(61dcf9d6fc4cb2244885b842d7192c3c) Importer(815301076,1909f56bfc062723c751e8b465ee728b)  -> (artifact id: 'd688d63c2fbe13e12dca9207104ba624') in 0.016174 seconds 
========================================================================
Received Import Request.
  Time since last request: 251.888225 seconds.
  path: Assets/VainSabers/BlurPart.cginc
  artifactKey: Guid(021e30a3a10b4ddc9c6fd333516f5e21) Importer(815301076,1909f56bfc062723c751e8b465ee728b)
Start importing Assets/VainSabers/BlurPart.cginc using Guid(021e30a3a10b4ddc9c6fd333516f5e21) Importer(815301076,1909f56bfc062723c751e8b465ee728b)  -> (artifact id: '0f7ecd3b2779d0dc50f0973846c53faf') in 0.004775 seconds 
========================================================================
Received Import Request.
  Time since last request: 0.000053 seconds.
  path: Assets/VainSabers/SaberInverted.mat
  artifactKey: Guid(c60b73020a1109e42b1a6f3eb4517456) Importer(815301076,1909f56bfc062723c751e8b465ee728b)
Start importing Assets/VainSabers/SaberInverted.mat using Guid(c60b73020a1109e42b1a6f3eb4517456) Importer(815301076,1909f56bfc062723c751e8b465ee728b)  -> (artifact id: '6681dce9f6835e9cb034a259853ae9d8') in 0.104201 seconds 
========================================================================
Received Import Request.
  Time since last request: 0.000037 seconds.
  path: Assets/VainSabers/SaberLit.mat
  artifactKey: Guid(d5edf0f459aa3c64e9ca9d4a1e4e087f) Importer(815301076,1909f56bfc062723c751e8b465ee728b)
Start importing Assets/VainSabers/SaberLit.mat using Guid(d5edf0f459aa3c64e9ca9d4a1e4e087f) Importer(815301076,1909f56bfc062723c751e8b465ee728b)  -> (artifact id: 'bb7687df1a3afd07cab3c9b04c3a9603') in 0.058436 seconds 
========================================================================
Received Import Request.
  Time since last request: 0.000055 seconds.
  path: Assets/VainSabers/SaberLitInverted.mat
  artifactKey: Guid(61dcf9d6fc4cb2244885b842d7192c3c) Importer(815301076,1909f56bfc062723c751e8b465ee728b)
Start importing Assets/VainSabers/SaberLitInverted.mat using Guid(61dcf9d6fc4cb2244885b842d7192c3c) Importer(815301076,1909f56bfc062723c751e8b465ee728b)  -> (artifact id: '2beef1061aea803e4d350ee6702418df') in 0.012847 seconds 
========================================================================
Received Import Request.
  Time since last request: 10.820435 seconds.
  path: Assets/VainSabers/BlurPart.cginc
  artifactKey: Guid(021e30a3a10b4ddc9c6fd333516f5e21) Importer(815301076,1909f56bfc062723c751e8b465ee728b)
Start importing Assets/VainSabers/BlurPart.cginc using Guid(021e30a3a10b4ddc9c6fd333516f5e21) Importer(815301076,1909f56bfc062723c751e8b465ee728b)  -> (artifact id: '97850f4e4f0eb3e38e73527f54e5dd8c') in 0.004324 seconds 
========================================================================
Received Import Request.
  Time since last request: 0.000030 seconds.
  path: Assets/VainSabers/SaberLit.mat
  artifactKey: Guid(d5edf0f459aa3c64e9ca9d4a1e4e087f) Importer(815301076,1909f56bfc062723c751e8b465ee728b)
Start importing Assets/VainSabers/SaberLit.mat using Guid(d5edf0f459aa3c64e9ca9d4a1e4e087f) Importer(815301076,1909f56bfc062723c751e8b465ee728b)  -> (artifact id: 'd2f6afa02aab049f64383540467dfa59') in 0.028260 seconds 
========================================================================
Received Import Request.
  Time since last request: 36.900028 seconds.
  path: Assets/VainSabers/BlurPart.cginc
  artifactKey: Guid(021e30a3a10b4ddc9c6fd333516f5e21) Importer(815301076,1909f56bfc062723c751e8b465ee728b)
Start importing Assets/VainSabers/BlurPart.cginc using Guid(021e30a3a10b4ddc9c6fd333516f5e21) Importer(815301076,1909f56bfc062723c751e8b465ee728b)  -> (artifact id: '40ea037b12178a0c1e7ed8c297ffb202') in 0.003634 seconds 
========================================================================
Received Import Request.
  Time since last request: 0.000021 seconds.
  path: Assets/VainSabers/SaberLit.mat
  artifactKey: Guid(d5edf0f459aa3c64e9ca9d4a1e4e087f) Importer(815301076,1909f56bfc062723c751e8b465ee728b)
Start importing Assets/VainSabers/SaberLit.mat using Guid(d5edf0f459aa3c64e9ca9d4a1e4e087f) Importer(815301076,1909f56bfc062723c751e8b465ee728b)  -> (artifact id: 'b3ba115529c602cce016d6b6f3968d9b') in 0.093774 seconds 
========================================================================
Received Import Request.
  Time since last request: 36.837599 seconds.
  path: Assets/VainSabers/BlurPart.cginc
  artifactKey: Guid(021e30a3a10b4ddc9c6fd333516f5e21) Importer(815301076,1909f56bfc062723c751e8b465ee728b)
Start importing Assets/VainSabers/BlurPart.cginc using Guid(021e30a3a10b4ddc9c6fd333516f5e21) Importer(815301076,1909f56bfc062723c751e8b465ee728b)  -> (artifact id: '7ab362f5dbf4a73a148b4141fc01a1ce') in 0.003775 seconds 
========================================================================
Received Import Request.
  Time since last request: 0.000026 seconds.
  path: Assets/VainSabers/SaberLit.mat
  artifactKey: Guid(d5edf0f459aa3c64e9ca9d4a1e4e087f) Importer(815301076,1909f56bfc062723c751e8b465ee728b)
Start importing Assets/VainSabers/SaberLit.mat using Guid(d5edf0f459aa3c64e9ca9d4a1e4e087f) Importer(815301076,1909f56bfc062723c751e8b465ee728b)  -> (artifact id: 'f421fedecc13bb7249f89ec3ce7f931e') in 0.137840 seconds 
========================================================================
Received Import Request.
  Time since last request: 112.590125 seconds.
  path: Assets/VainSabers/BlurPart.cginc
  artifactKey: Guid(021e30a3a10b4ddc9c6fd333516f5e21) Importer(815301076,1909f56bfc062723c751e8b465ee728b)
Start importing Assets/VainSabers/BlurPart.cginc using Guid(021e30a3a10b4ddc9c6fd333516f5e21) Importer(815301076,1909f56bfc062723c751e8b465ee728b)  -> (artifact id: '7ff540efcbe99b534146ea4aa31cd2b7') in 0.008541 seconds 
========================================================================
Received Import Request.
  Time since last request: 0.031570 seconds.
  path: Assets/VainSabers/SaberInverted.mat
  artifactKey: Guid(c60b73020a1109e42b1a6f3eb4517456) Importer(815301076,1909f56bfc062723c751e8b465ee728b)
Start importing Assets/VainSabers/SaberInverted.mat using Guid(c60b73020a1109e42b1a6f3eb4517456) Importer(815301076,1909f56bfc062723c751e8b465ee728b)  -> (artifact id: '2533dbf3d6cb43f79b48e70cc0191b69') in 0.492040 seconds 
========================================================================
Received Import Request.
  Time since last request: 5.413369 seconds.
  path: Assets/VainSabers/BlurPart.cginc
  artifactKey: Guid(021e30a3a10b4ddc9c6fd333516f5e21) Importer(815301076,1909f56bfc062723c751e8b465ee728b)
Start importing Assets/VainSabers/BlurPart.cginc using Guid(021e30a3a10b4ddc9c6fd333516f5e21) Importer(815301076,1909f56bfc062723c751e8b465ee728b)  -> (artifact id: '3f0a7d8d358efa21b4459e9d1ceb5bdf') in 0.003508 seconds 
========================================================================
Received Import Request.
  Time since last request: 0.001389 seconds.
  path: Assets/VainSabers/SaberInverted.mat
  artifactKey: Guid(c60b73020a1109e42b1a6f3eb4517456) Importer(815301076,1909f56bfc062723c751e8b465ee728b)
Start importing Assets/VainSabers/SaberInverted.mat using Guid(c60b73020a1109e42b1a6f3eb4517456) Importer(815301076,1909f56bfc062723c751e8b465ee728b)  -> (artifact id: '31a10110cf356f88fd0b3f234c6df8f1') in 0.056351 seconds 
========================================================================
Received Import Request.
  Time since last request: 0.000028 seconds.
  path: Assets/VainSabers/SaberLitInverted.mat
  artifactKey: Guid(61dcf9d6fc4cb2244885b842d7192c3c) Importer(815301076,1909f56bfc062723c751e8b465ee728b)
Start importing Assets/VainSabers/SaberLitInverted.mat using Guid(61dcf9d6fc4cb2244885b842d7192c3c) Importer(815301076,1909f56bfc062723c751e8b465ee728b)  -> (artifact id: '4eedfb35905bb21161adbf5f1ef15d39') in 0.034517 seconds 
========================================================================
Received Import Request.
  Time since last request: 27.349754 seconds.
  path: Assets/VainSabers/BlurPart.cginc
  artifactKey: Guid(021e30a3a10b4ddc9c6fd333516f5e21) Importer(815301076,1909f56bfc062723c751e8b465ee728b)
Start importing Assets/VainSabers/BlurPart.cginc using Guid(021e30a3a10b4ddc9c6fd333516f5e21) Importer(815301076,1909f56bfc062723c751e8b465ee728b)  -> (artifact id: 'c940d2719ac31b10851516640c193738') in 0.002778 seconds 
========================================================================
Received Import Request.
  Time since last request: 0.000022 seconds.
  path: Assets/VainSabers/SaberLit.mat
  artifactKey: Guid(d5edf0f459aa3c64e9ca9d4a1e4e087f) Importer(815301076,1909f56bfc062723c751e8b465ee728b)
Start importing Assets/VainSabers/SaberLit.mat using Guid(d5edf0f459aa3c64e9ca9d4a1e4e087f) Importer(815301076,1909f56bfc062723c751e8b465ee728b)  -> (artifact id: '648d9674421117070e5310daab0cfac1') in 0.032923 seconds 
========================================================================
Received Import Request.
  Time since last request: 17.497641 seconds.
  path: Assets/VainSabers/BlurPart.cginc
  artifactKey: Guid(021e30a3a10b4ddc9c6fd333516f5e21) Importer(815301076,1909f56bfc062723c751e8b465ee728b)
Start importing Assets/VainSabers/BlurPart.cginc using Guid(021e30a3a10b4ddc9c6fd333516f5e21) Importer(815301076,1909f56bfc062723c751e8b465ee728b)  -> (artifact id: '1c90d9be35305d8a9eec2b79a20beda3') in 0.002638 seconds 
========================================================================
Received Import Request.
  Time since last request: 0.000025 seconds.
  path: Assets/VainSabers/SaberLit.mat
  artifactKey: Guid(d5edf0f459aa3c64e9ca9d4a1e4e087f) Importer(815301076,1909f56bfc062723c751e8b465ee728b)
Start importing Assets/VainSabers/SaberLit.mat using Guid(d5edf0f459aa3c64e9ca9d4a1e4e087f) Importer(815301076,1909f56bfc062723c751e8b465ee728b)  -> (artifact id: '48512932085d7baa71f05a646c86b1a7') in 0.085976 seconds 
========================================================================
Received Import Request.
  Time since last request: 12.937905 seconds.
  path: Assets/VainSabers/BlurPart.cginc
  artifactKey: Guid(021e30a3a10b4ddc9c6fd333516f5e21) Importer(815301076,1909f56bfc062723c751e8b465ee728b)
Start importing Assets/VainSabers/BlurPart.cginc using Guid(021e30a3a10b4ddc9c6fd333516f5e21) Importer(815301076,1909f56bfc062723c751e8b465ee728b)  -> (artifact id: '1f958e0f8bfc43b23cb03c8e5cb52858') in 0.003205 seconds 
========================================================================
Received Import Request.
  Time since last request: 0.000023 seconds.
  path: Assets/VainSabers/SaberLit.mat
  artifactKey: Guid(d5edf0f459aa3c64e9ca9d4a1e4e087f) Importer(815301076,1909f56bfc062723c751e8b465ee728b)
Start importing Assets/VainSabers/SaberLit.mat using Guid(d5edf0f459aa3c64e9ca9d4a1e4e087f) Importer(815301076,1909f56bfc062723c751e8b465ee728b)  -> (artifact id: 'a1a83f919d0ac1018e07ec08c23fe0b1') in 0.015665 seconds 
========================================================================
Received Import Request.
  Time since last request: 1.920867 seconds.
  path: Assets/VainSabers/BlurPart.cginc
  artifactKey: Guid(021e30a3a10b4ddc9c6fd333516f5e21) Importer(815301076,1909f56bfc062723c751e8b465ee728b)
Start importing Assets/VainSabers/BlurPart.cginc using Guid(021e30a3a10b4ddc9c6fd333516f5e21) Importer(815301076,1909f56bfc062723c751e8b465ee728b)  -> (artifact id: '3647ae0bf8269b94f72c44bfd6e97b91') in 0.003977 seconds 
========================================================================
Received Import Request.
  Time since last request: 0.000030 seconds.
  path: Assets/VainSabers/SaberLit.mat
  artifactKey: Guid(d5edf0f459aa3c64e9ca9d4a1e4e087f) Importer(815301076,1909f56bfc062723c751e8b465ee728b)
Start importing Assets/VainSabers/SaberLit.mat using Guid(d5edf0f459aa3c64e9ca9d4a1e4e087f) Importer(815301076,1909f56bfc062723c751e8b465ee728b)  -> (artifact id: '4f04ae6fc344a03574639ce368822f8d') in 0.012907 seconds 
========================================================================
Received Import Request.
  Time since last request: 5.837396 seconds.
  path: Assets/VainSabers/BlurPart.cginc
  artifactKey: Guid(021e30a3a10b4ddc9c6fd333516f5e21) Importer(815301076,1909f56bfc062723c751e8b465ee728b)
Start importing Assets/VainSabers/BlurPart.cginc using Guid(021e30a3a10b4ddc9c6fd333516f5e21) Importer(815301076,1909f56bfc062723c751e8b465ee728b)  -> (artifact id: '01084ba42aa8bb98354bb1b14f822573') in 0.002671 seconds 
========================================================================
Received Import Request.
  Time since last request: 0.000028 seconds.
  path: Assets/VainSabers/SaberLit.mat
  artifactKey: Guid(d5edf0f459aa3c64e9ca9d4a1e4e087f) Importer(815301076,1909f56bfc062723c751e8b465ee728b)
Start importing Assets/VainSabers/SaberLit.mat using Guid(d5edf0f459aa3c64e9ca9d4a1e4e087f) Importer(815301076,1909f56bfc062723c751e8b465ee728b)  -> (artifact id: '2d26ddd55cc237beed006549cedccf3b') in 0.044493 seconds 
========================================================================
Received Import Request.
  Time since last request: 14.294622 seconds.
  path: Assets/VainSabers/BlurPart.cginc
  artifactKey: Guid(021e30a3a10b4ddc9c6fd333516f5e21) Importer(815301076,1909f56bfc062723c751e8b465ee728b)
Start importing Assets/VainSabers/BlurPart.cginc using Guid(021e30a3a10b4ddc9c6fd333516f5e21) Importer(815301076,1909f56bfc062723c751e8b465ee728b)  -> (artifact id: '4b4d0a295d0423c86dc389328aba5edd') in 0.003073 seconds 
========================================================================
Received Import Request.
  Time since last request: 0.000025 seconds.
  path: Assets/VainSabers/SaberLit.mat
  artifactKey: Guid(d5edf0f459aa3c64e9ca9d4a1e4e087f) Importer(815301076,1909f56bfc062723c751e8b465ee728b)
Start importing Assets/VainSabers/SaberLit.mat using Guid(d5edf0f459aa3c64e9ca9d4a1e4e087f) Importer(815301076,1909f56bfc062723c751e8b465ee728b)  -> (artifact id: '9d81bdd3d231c31b14610b3103e6be93') in 0.058050 seconds 
========================================================================
Received Import Request.
  Time since last request: 42.544112 seconds.
  path: Assets/VainSabers/BlurPart.cginc
  artifactKey: Guid(021e30a3a10b4ddc9c6fd333516f5e21) Importer(815301076,1909f56bfc062723c751e8b465ee728b)
Start importing Assets/VainSabers/BlurPart.cginc using Guid(021e30a3a10b4ddc9c6fd333516f5e21) Importer(815301076,1909f56bfc062723c751e8b465ee728b)  -> (artifact id: '1f7311f21869675360a56b9aa987a6fb') in 0.002864 seconds 
========================================================================
Received Import Request.
  Time since last request: 0.000028 seconds.
  path: Assets/VainSabers/SaberLit.mat
  artifactKey: Guid(d5edf0f459aa3c64e9ca9d4a1e4e087f) Importer(815301076,1909f56bfc062723c751e8b465ee728b)
Start importing Assets/VainSabers/SaberLit.mat using Guid(d5edf0f459aa3c64e9ca9d4a1e4e087f) Importer(815301076,1909f56bfc062723c751e8b465ee728b)  -> (artifact id: 'fae089898cd1b1470fb9586f90f124b8') in 0.016307 seconds 
========================================================================
Received Import Request.
  Time since last request: 38.547225 seconds.
  path: Assets/VainSabers/BlurPart.cginc
  artifactKey: Guid(021e30a3a10b4ddc9c6fd333516f5e21) Importer(815301076,1909f56bfc062723c751e8b465ee728b)
Start importing Assets/VainSabers/BlurPart.cginc using Guid(021e30a3a10b4ddc9c6fd333516f5e21) Importer(815301076,1909f56bfc062723c751e8b465ee728b)  -> (artifact id: '003e5e2b594d2b451ff95ee8c65dfcf7') in 0.003986 seconds 
========================================================================
Received Import Request.
  Time since last request: 0.000030 seconds.
  path: Assets/VainSabers/SaberLit.mat
  artifactKey: Guid(d5edf0f459aa3c64e9ca9d4a1e4e087f) Importer(815301076,1909f56bfc062723c751e8b465ee728b)
Start importing Assets/VainSabers/SaberLit.mat using Guid(d5edf0f459aa3c64e9ca9d4a1e4e087f) Importer(815301076,1909f56bfc062723c751e8b465ee728b)  -> (artifact id: '542c9dcc938f0a0cea36aeef0ab73553') in 0.048595 seconds 
========================================================================
Received Import Request.
  Time since last request: 4.612973 seconds.
  path: Assets/VainSabers/BlurPart.cginc
  artifactKey: Guid(021e30a3a10b4ddc9c6fd333516f5e21) Importer(815301076,1909f56bfc062723c751e8b465ee728b)
Start importing Assets/VainSabers/BlurPart.cginc using Guid(021e30a3a10b4ddc9c6fd333516f5e21) Importer(815301076,1909f56bfc062723c751e8b465ee728b)  -> (artifact id: '3ecead36ee90e4e06265b2dc16f54d98') in 0.003643 seconds 
========================================================================
Received Import Request.
  Time since last request: 0.000028 seconds.
  path: Assets/VainSabers/SaberLit.mat
  artifactKey: Guid(d5edf0f459aa3c64e9ca9d4a1e4e087f) Importer(815301076,1909f56bfc062723c751e8b465ee728b)
Start importing Assets/VainSabers/SaberLit.mat using Guid(d5edf0f459aa3c64e9ca9d4a1e4e087f) Importer(815301076,1909f56bfc062723c751e8b465ee728b)  -> (artifact id: '334acf7acd8b06197f1378b703e30a68') in 0.040442 seconds 
========================================================================
Received Import Request.
  Time since last request: 14.037561 seconds.
  path: Assets/VainSabers/BlurPart.cginc
  artifactKey: Guid(021e30a3a10b4ddc9c6fd333516f5e21) Importer(815301076,1909f56bfc062723c751e8b465ee728b)
Start importing Assets/VainSabers/BlurPart.cginc using Guid(021e30a3a10b4ddc9c6fd333516f5e21) Importer(815301076,1909f56bfc062723c751e8b465ee728b)  -> (artifact id: 'cdcd15f03b6c51927dd03b7f8a132d83') in 0.003333 seconds 
========================================================================
Received Import Request.
  Time since last request: 0.000024 seconds.
  path: Assets/VainSabers/SaberLit.mat
  artifactKey: Guid(d5edf0f459aa3c64e9ca9d4a1e4e087f) Importer(815301076,1909f56bfc062723c751e8b465ee728b)
Start importing Assets/VainSabers/SaberLit.mat using Guid(d5edf0f459aa3c64e9ca9d4a1e4e087f) Importer(815301076,1909f56bfc062723c751e8b465ee728b)  -> (artifact id: 'b669cd577c712e029d651b508960df07') in 0.052464 seconds 
========================================================================
Received Import Request.
  Time since last request: 17.443559 seconds.
  path: Assets/VainSabers/BlurPart.cginc
  artifactKey: Guid(021e30a3a10b4ddc9c6fd333516f5e21) Importer(815301076,1909f56bfc062723c751e8b465ee728b)
Start importing Assets/VainSabers/BlurPart.cginc using Guid(021e30a3a10b4ddc9c6fd333516f5e21) Importer(815301076,1909f56bfc062723c751e8b465ee728b)  -> (artifact id: '936835c4b162ae72b985e43902ba31b3') in 0.004049 seconds 
========================================================================
Received Import Request.
  Time since last request: 0.000024 seconds.
  path: Assets/VainSabers/SaberLit.mat
  artifactKey: Guid(d5edf0f459aa3c64e9ca9d4a1e4e087f) Importer(815301076,1909f56bfc062723c751e8b465ee728b)
Start importing Assets/VainSabers/SaberLit.mat using Guid(d5edf0f459aa3c64e9ca9d4a1e4e087f) Importer(815301076,1909f56bfc062723c751e8b465ee728b)  -> (artifact id: '95bb506ab9c12f5c72c368940872e8d0') in 0.023230 seconds 
========================================================================
Received Import Request.
  Time since last request: 46.937465 seconds.
  path: Assets/VainSabers/BlurPart.cginc
  artifactKey: Guid(021e30a3a10b4ddc9c6fd333516f5e21) Importer(815301076,1909f56bfc062723c751e8b465ee728b)
Start importing Assets/VainSabers/BlurPart.cginc using Guid(021e30a3a10b4ddc9c6fd333516f5e21) Importer(815301076,1909f56bfc062723c751e8b465ee728b)  -> (artifact id: 'cc0d09188f3fa9511f84cdb76c5c6f45') in 0.004168 seconds 
========================================================================
Received Import Request.
  Time since last request: 0.000028 seconds.
  path: Assets/VainSabers/SaberLit.mat
  artifactKey: Guid(d5edf0f459aa3c64e9ca9d4a1e4e087f) Importer(815301076,1909f56bfc062723c751e8b465ee728b)
Start importing Assets/VainSabers/SaberLit.mat using Guid(d5edf0f459aa3c64e9ca9d4a1e4e087f) Importer(815301076,1909f56bfc062723c751e8b465ee728b)  -> (artifact id: 'ad19180cf36664920294692bb70381ec') in 0.016122 seconds 
========================================================================
Received Import Request.
  Time since last request: 21.337260 seconds.
  path: Assets/VainSabers/BlurPart.cginc
  artifactKey: Guid(021e30a3a10b4ddc9c6fd333516f5e21) Importer(815301076,1909f56bfc062723c751e8b465ee728b)
Start importing Assets/VainSabers/BlurPart.cginc using Guid(021e30a3a10b4ddc9c6fd333516f5e21) Importer(815301076,1909f56bfc062723c751e8b465ee728b)  -> (artifact id: '528b1ef247ceb6078ace817f2c8bffe8') in 0.003319 seconds 
========================================================================
Received Import Request.
  Time since last request: 0.000034 seconds.
  path: Assets/VainSabers/SaberLit.mat
  artifactKey: Guid(d5edf0f459aa3c64e9ca9d4a1e4e087f) Importer(815301076,1909f56bfc062723c751e8b465ee728b)
Start importing Assets/VainSabers/SaberLit.mat using Guid(d5edf0f459aa3c64e9ca9d4a1e4e087f) Importer(815301076,1909f56bfc062723c751e8b465ee728b)  -> (artifact id: 'd06a5fb34978bc3c39d276c091c651ac') in 0.049452 seconds 
========================================================================
Received Import Request.
  Time since last request: 38.179770 seconds.
  path: Assets/VainSabers/BlurPart.cginc
  artifactKey: Guid(021e30a3a10b4ddc9c6fd333516f5e21) Importer(815301076,1909f56bfc062723c751e8b465ee728b)
Start importing Assets/VainSabers/BlurPart.cginc using Guid(021e30a3a10b4ddc9c6fd333516f5e21) Importer(815301076,1909f56bfc062723c751e8b465ee728b)  -> (artifact id: 'b5dbe615393d48ad980b8248f735d30b') in 0.004785 seconds 
========================================================================
Received Import Request.
  Time since last request: 0.000036 seconds.
  path: Assets/VainSabers/SaberLit.mat
  artifactKey: Guid(d5edf0f459aa3c64e9ca9d4a1e4e087f) Importer(815301076,1909f56bfc062723c751e8b465ee728b)
Start importing Assets/VainSabers/SaberLit.mat using Guid(d5edf0f459aa3c64e9ca9d4a1e4e087f) Importer(815301076,1909f56bfc062723c751e8b465ee728b)  -> (artifact id: 'c8d4e9113dd03aae3c9e134039c8b084') in 0.032410 seconds 
========================================================================
Received Import Request.
  Time since last request: 174.937849 seconds.
  path: Assets/VainSabers/BlurPart.cginc
  artifactKey: Guid(021e30a3a10b4ddc9c6fd333516f5e21) Importer(815301076,1909f56bfc062723c751e8b465ee728b)
Start importing Assets/VainSabers/BlurPart.cginc using Guid(021e30a3a10b4ddc9c6fd333516f5e21) Importer(815301076,1909f56bfc062723c751e8b465ee728b)  -> (artifact id: 'abfe05804f210ce8ddfdcfda6bc44d36') in 0.053665 seconds 
========================================================================
Received Import Request.
  Time since last request: 0.021553 seconds.
  path: Assets/VainSabers/SaberInverted.mat
  artifactKey: Guid(c60b73020a1109e42b1a6f3eb4517456) Importer(815301076,1909f56bfc062723c751e8b465ee728b)
Start importing Assets/VainSabers/SaberInverted.mat using Guid(c60b73020a1109e42b1a6f3eb4517456) Importer(815301076,1909f56bfc062723c751e8b465ee728b)  -> (artifact id: '64fccba2b738086734c3f4113aa07b16') in 0.413161 seconds 
========================================================================
Received Import Request.
  Time since last request: 0.000040 seconds.
  path: Assets/VainSabers/SaberLit.mat
  artifactKey: Guid(d5edf0f459aa3c64e9ca9d4a1e4e087f) Importer(815301076,1909f56bfc062723c751e8b465ee728b)
Start importing Assets/VainSabers/SaberLit.mat using Guid(d5edf0f459aa3c64e9ca9d4a1e4e087f) Importer(815301076,1909f56bfc062723c751e8b465ee728b)  -> (artifact id: '2fb39cb14890c1cfc75fc44e70928e85') in 0.106046 seconds 
========================================================================
Received Import Request.
  Time since last request: 34.826548 seconds.
  path: Assets/VainSabers/BlurPart.cginc
  artifactKey: Guid(021e30a3a10b4ddc9c6fd333516f5e21) Importer(815301076,1909f56bfc062723c751e8b465ee728b)
Start importing Assets/VainSabers/BlurPart.cginc using Guid(021e30a3a10b4ddc9c6fd333516f5e21) Importer(815301076,1909f56bfc062723c751e8b465ee728b)  -> (artifact id: '4af9239d799d62d8c96967213d3609c5') in 0.002769 seconds 
========================================================================
Received Import Request.
  Time since last request: 0.000031 seconds.
  path: Assets/VainSabers/SaberInverted.mat
  artifactKey: Guid(c60b73020a1109e42b1a6f3eb4517456) Importer(815301076,1909f56bfc062723c751e8b465ee728b)
Start importing Assets/VainSabers/SaberInverted.mat using Guid(c60b73020a1109e42b1a6f3eb4517456) Importer(815301076,1909f56bfc062723c751e8b465ee728b)  -> (artifact id: 'ab22f8584086cd871857219019ecf192') in 0.131280 seconds 
========================================================================
Received Import Request.
  Time since last request: 0.000029 seconds.
  path: Assets/VainSabers/SaberLitInverted.mat
  artifactKey: Guid(61dcf9d6fc4cb2244885b842d7192c3c) Importer(815301076,1909f56bfc062723c751e8b465ee728b)
Start importing Assets/VainSabers/SaberLitInverted.mat using Guid(61dcf9d6fc4cb2244885b842d7192c3c) Importer(815301076,1909f56bfc062723c751e8b465ee728b)  -> (artifact id: 'b0adece01941ce165709b88a928d4e2e') in 0.038660 seconds 
========================================================================
Received Import Request.
  Time since last request: 11.879520 seconds.
  path: Assets/VainSabers/BlurPart.cginc
  artifactKey: Guid(021e30a3a10b4ddc9c6fd333516f5e21) Importer(815301076,1909f56bfc062723c751e8b465ee728b)
Start importing Assets/VainSabers/BlurPart.cginc using Guid(021e30a3a10b4ddc9c6fd333516f5e21) Importer(815301076,1909f56bfc062723c751e8b465ee728b)  -> (artifact id: 'f8703ae88a864279df9a88bc2c83b75b') in 0.002825 seconds 
========================================================================
Received Import Request.
  Time since last request: 0.000029 seconds.
  path: Assets/VainSabers/SaberInverted.mat
  artifactKey: Guid(c60b73020a1109e42b1a6f3eb4517456) Importer(815301076,1909f56bfc062723c751e8b465ee728b)
Start importing Assets/VainSabers/SaberInverted.mat using Guid(c60b73020a1109e42b1a6f3eb4517456) Importer(815301076,1909f56bfc062723c751e8b465ee728b)  -> (artifact id: '8436c5b3f0735c11af28a3aad0c6fb15') in 0.079730 seconds 
========================================================================
Received Import Request.
  Time since last request: 5.071898 seconds.
  path: Assets/VainSabers/BlurPart.cginc
  artifactKey: Guid(021e30a3a10b4ddc9c6fd333516f5e21) Importer(815301076,1909f56bfc062723c751e8b465ee728b)
Start importing Assets/VainSabers/BlurPart.cginc using Guid(021e30a3a10b4ddc9c6fd333516f5e21) Importer(815301076,1909f56bfc062723c751e8b465ee728b)  -> (artifact id: 'bef6c9c60701d431050b377a9abc57db') in 0.010017 seconds 
========================================================================
Received Import Request.
  Time since last request: 0.000025 seconds.
  path: Assets/VainSabers/SaberInverted.mat
  artifactKey: Guid(c60b73020a1109e42b1a6f3eb4517456) Importer(815301076,1909f56bfc062723c751e8b465ee728b)
Start importing Assets/VainSabers/SaberInverted.mat using Guid(c60b73020a1109e42b1a6f3eb4517456) Importer(815301076,1909f56bfc062723c751e8b465ee728b)  -> (artifact id: 'e6c9de1927b61d708d7e07540d27c410') in 0.031269 seconds 
========================================================================
Received Import Request.
  Time since last request: 0.000034 seconds.
  path: Assets/VainSabers/SaberLitInverted.mat
  artifactKey: Guid(61dcf9d6fc4cb2244885b842d7192c3c) Importer(815301076,1909f56bfc062723c751e8b465ee728b)
Start importing Assets/VainSabers/SaberLitInverted.mat using Guid(61dcf9d6fc4cb2244885b842d7192c3c) Importer(815301076,1909f56bfc062723c751e8b465ee728b)  -> (artifact id: 'bc5d861ab77686646fb3832f265c4139') in 0.022623 seconds 
========================================================================
Received Import Request.
  Time since last request: 61.618565 seconds.
  path: Assets/VainSabers/BlurPart.cginc
  artifactKey: Guid(021e30a3a10b4ddc9c6fd333516f5e21) Importer(815301076,1909f56bfc062723c751e8b465ee728b)
Start importing Assets/VainSabers/BlurPart.cginc using Guid(021e30a3a10b4ddc9c6fd333516f5e21) Importer(815301076,1909f56bfc062723c751e8b465ee728b)  -> (artifact id: '701bf8ad8a1179116b2a71b844f830d5') in 0.002647 seconds 
========================================================================
Received Import Request.
  Time since last request: 0.000032 seconds.
  path: Assets/VainSabers/SaberInverted.mat
  artifactKey: Guid(c60b73020a1109e42b1a6f3eb4517456) Importer(815301076,1909f56bfc062723c751e8b465ee728b)
Start importing Assets/VainSabers/SaberInverted.mat using Guid(c60b73020a1109e42b1a6f3eb4517456) Importer(815301076,1909f56bfc062723c751e8b465ee728b)  -> (artifact id: '85d9b1753908ebe767ef89a2f7dc3f22') in 0.090356 seconds 
========================================================================
Received Import Request.
  Time since last request: 0.000030 seconds.
  path: Assets/VainSabers/SaberLit.mat
  artifactKey: Guid(d5edf0f459aa3c64e9ca9d4a1e4e087f) Importer(815301076,1909f56bfc062723c751e8b465ee728b)
Start importing Assets/VainSabers/SaberLit.mat using Guid(d5edf0f459aa3c64e9ca9d4a1e4e087f) Importer(815301076,1909f56bfc062723c751e8b465ee728b)  -> (artifact id: '355fb9ad078e0a41005477788649e100') in 0.041987 seconds 
========================================================================
Received Import Request.
  Time since last request: 0.000037 seconds.
  path: Assets/VainSabers/SaberLitInverted.mat
  artifactKey: Guid(61dcf9d6fc4cb2244885b842d7192c3c) Importer(815301076,1909f56bfc062723c751e8b465ee728b)
Start importing Assets/VainSabers/SaberLitInverted.mat using Guid(61dcf9d6fc4cb2244885b842d7192c3c) Importer(815301076,1909f56bfc062723c751e8b465ee728b)  -> (artifact id: '5e83ac04a12f166d966c1159b108457a') in 0.017112 seconds 
========================================================================
Received Import Request.
  Time since last request: 16.465959 seconds.
  path: Assets/VainSabers/BlurPart.cginc
  artifactKey: Guid(021e30a3a10b4ddc9c6fd333516f5e21) Importer(815301076,1909f56bfc062723c751e8b465ee728b)
Start importing Assets/VainSabers/BlurPart.cginc using Guid(021e30a3a10b4ddc9c6fd333516f5e21) Importer(815301076,1909f56bfc062723c751e8b465ee728b)  -> (artifact id: '9c233987ba1e88c8e091a405e28666e3') in 0.003223 seconds 
========================================================================
Received Import Request.
  Time since last request: 0.000031 seconds.
  path: Assets/VainSabers/SaberLit.mat
  artifactKey: Guid(d5edf0f459aa3c64e9ca9d4a1e4e087f) Importer(815301076,1909f56bfc062723c751e8b465ee728b)
Start importing Assets/VainSabers/SaberLit.mat using Guid(d5edf0f459aa3c64e9ca9d4a1e4e087f) Importer(815301076,1909f56bfc062723c751e8b465ee728b)  -> (artifact id: 'cbadf8317f35c774f7b3ea61eca091a2') in 0.058012 seconds 
Editor requested this worker to shutdown with reason: Scaling down because of idle timeout
AssetImportWorker is now disconnected from the server
Process exiting
Exiting without the bug reporter. Application will terminate with return code 0