Using pre-set license
Built from '2021.3/evg/staging/82bb020e-b03b1330/draft-0' branch; Version is '2021.3.16f1 (4016570cf34f) revision 4200023'; Using compiler version '192829333'; Build Type 'Release'
OS: 'Windows 11  (10.0.26100) 64bit Core' Language: 'en' Physical Memory: 16301 MB
BatchMode: 1, IsHumanControllingUs: 0, StartBugReporterOnCrash: 0, Is64bit: 1, IsPro: 1

COMMAND LINE ARGUMENTS:
C:\Program Files\Unity\Hub\Editor\2021.3.16f1\Editor\Unity.exe
-adb2
-batchMode
-noUpm
-name
AssetImportWorker0
-projectPath
C:/Users/dbasp/VainSabers asset creation
-logFile
Logs/AssetImportWorker0.log
-srvPort
59698
Successfully changed project path to: C:/Users/dbasp/VainSabers asset creation
C:/Users/dbasp/VainSabers asset creation
[UnityMemory] Configuration Parameters - Can be set up in boot.config
    "memorysetup-bucket-allocator-granularity=16"
    "memorysetup-bucket-allocator-bucket-count=8"
    "memorysetup-bucket-allocator-block-size=33554432"
    "memorysetup-bucket-allocator-block-count=8"
    "memorysetup-main-allocator-block-size=16777216"
    "memorysetup-thread-allocator-block-size=16777216"
    "memorysetup-gfx-main-allocator-block-size=16777216"
    "memorysetup-gfx-thread-allocator-block-size=16777216"
    "memorysetup-cache-allocator-block-size=4194304"
    "memorysetup-typetree-allocator-block-size=2097152"
    "memorysetup-profiler-bucket-allocator-granularity=16"
    "memorysetup-profiler-bucket-allocator-bucket-count=8"
    "memorysetup-profiler-bucket-allocator-block-size=33554432"
    "memorysetup-profiler-bucket-allocator-block-count=8"
    "memorysetup-profiler-allocator-block-size=16777216"
    "memorysetup-profiler-editor-allocator-block-size=1048576"
    "memorysetup-temp-allocator-size-main=16777216"
    "memorysetup-job-temp-allocator-block-size=2097152"
    "memorysetup-job-temp-allocator-block-size-background=1048576"
    "memorysetup-job-temp-allocator-reduction-small-platforms=262144"
    "memorysetup-temp-allocator-size-background-worker=32768"
    "memorysetup-temp-allocator-size-job-worker=262144"
    "memorysetup-temp-allocator-size-preload-manager=33554432"
    "memorysetup-temp-allocator-size-nav-mesh-worker=65536"
    "memorysetup-temp-allocator-size-audio-worker=65536"
    "memorysetup-temp-allocator-size-cloud-worker=32768"
    "memorysetup-temp-allocator-size-gi-baking-worker=262144"
    "memorysetup-temp-allocator-size-gfx=262144"
Player connection [11344] Host "[IP] 192.168.1.184 [Port] 0 [Flags] 2 [Guid] 3736453890 [EditorId] 3736453890 [Version] 1048832 [Id] WindowsEditor(7,Vainstains2) [Debug] 1 [PackageName] WindowsEditor [ProjectName] Editor" joined multi-casting on [225.0.0.222:54997]...

Player connection [11344] Host "[IP] 192.168.1.184 [Port] 0 [Flags] 2 [Guid] 3736453890 [EditorId] 3736453890 [Version] 1048832 [Id] WindowsEditor(7,Vainstains2) [Debug] 1 [PackageName] WindowsEditor [ProjectName] Editor" joined alternative multi-casting on [225.0.0.222:34997]...

Refreshing native plugins compatible for Editor in 100.42 ms, found 3 plugins.
Preloading 0 native plugins for Editor in 0.00 ms.
Initialize engine version: 2021.3.16f1 (4016570cf34f)
[Subsystems] Discovering subsystems at path C:/Program Files/Unity/Hub/Editor/2021.3.16f1/Editor/Data/Resources/UnitySubsystems
[Subsystems] Discovering subsystems at path C:/Users/dbasp/VainSabers asset creation/Assets
GfxDevice: creating device client; threaded=0; jobified=0
Direct3D:
    Version:  Direct3D 11.0 [level 11.1]
    Renderer: NVIDIA GeForce RTX 2060 SUPER (ID=0x1f06)
    Vendor:   NVIDIA
    VRAM:     8006 MB
    Driver:   32.0.15.6094
Initialize mono
Mono path[0] = 'C:/Program Files/Unity/Hub/Editor/2021.3.16f1/Editor/Data/Managed'
Mono path[1] = 'C:/Program Files/Unity/Hub/Editor/2021.3.16f1/Editor/Data/MonoBleedingEdge/lib/mono/unityjit-win32'
Mono config path = 'C:/Program Files/Unity/Hub/Editor/2021.3.16f1/Editor/Data/MonoBleedingEdge/etc'
Using monoOptions --debugger-agent=transport=dt_socket,embedding=1,server=y,suspend=n,address=127.0.0.1:56824
Begin MonoManager ReloadAssembly
Registering precompiled unity dll's ...
Register platform support module: C:/Program Files/Unity/Hub/Editor/2021.3.16f1/Editor/Data/PlaybackEngines/WindowsStandaloneSupport/UnityEditor.WindowsStandalone.Extensions.dll
Registered in 0.018419 seconds.
Native extension for WindowsStandalone target not found
Refreshing native plugins compatible for Editor in 87.69 ms, found 3 plugins.
Preloading 0 native plugins for Editor in 0.00 ms.
Mono: successfully reloaded assembly
- Completed reload, in  1.140 seconds
Domain Reload Profiling:
	ReloadAssembly (1141ms)
		BeginReloadAssembly (447ms)
			ExecutionOrderSort (0ms)
			DisableScriptedObjects (0ms)
			BackupInstance (0ms)
			ReleaseScriptingObjects (0ms)
			CreateAndSetChildDomain (1ms)
		EndReloadAssembly (547ms)
			LoadAssemblies (438ms)
			RebuildTransferFunctionScriptingTraits (0ms)
			SetupTypeCache (129ms)
			ReleaseScriptCaches (0ms)
			RebuildScriptCaches (37ms)
			SetupLoadedEditorAssemblies (320ms)
				LogAssemblyErrors (0ms)
				InitializePlatformSupportModulesInManaged (10ms)
				SetLoadedEditorAssemblies (0ms)
				RefreshPlugins (88ms)
				BeforeProcessingInitializeOnLoad (2ms)
				ProcessInitializeOnLoadAttributes (164ms)
				ProcessInitializeOnLoadMethodAttributes (56ms)
				AfterProcessingInitializeOnLoad (0ms)
				EditorAssembliesLoaded (0ms)
			ExecutionOrderSort2 (0ms)
			AwakeInstancesAfterBackupRestoration (0ms)
Platform modules already initialized, skipping
Registering precompiled user dll's ...
Registered in 0.008279 seconds.
Begin MonoManager ReloadAssembly
Symbol file LoadedFromMemory doesn't match image C:\Users\dbasp\VainSabers asset creation\Library\PackageCache\com.unity.visualscripting@1.7.8\Editor\VisualScripting.Core\Dependencies\YamlDotNet\Unity.VisualScripting.YamlDotNet.dll
Symbol file LoadedFromMemory doesn't match image C:\Users\dbasp\VainSabers asset creation\Library\PackageCache\com.unity.visualscripting@1.7.8\Editor\VisualScripting.Core\Dependencies\DotNetZip\Unity.VisualScripting.IonicZip.dll
Native extension for WindowsStandalone target not found
Refreshing native plugins compatible for Editor in 0.95 ms, found 3 plugins.
Preloading 0 native plugins for Editor in 0.00 ms.
Mono: successfully reloaded assembly
- Completed reload, in  1.615 seconds
Domain Reload Profiling:
	ReloadAssembly (1616ms)
		BeginReloadAssembly (137ms)
			ExecutionOrderSort (0ms)
			DisableScriptedObjects (7ms)
			BackupInstance (0ms)
			ReleaseScriptingObjects (0ms)
			CreateAndSetChildDomain (24ms)
		EndReloadAssembly (1337ms)
			LoadAssemblies (435ms)
			RebuildTransferFunctionScriptingTraits (0ms)
			SetupTypeCache (298ms)
			ReleaseScriptCaches (1ms)
			RebuildScriptCaches (68ms)
			SetupLoadedEditorAssemblies (493ms)
				LogAssemblyErrors (0ms)
				InitializePlatformSupportModulesInManaged (7ms)
				SetLoadedEditorAssemblies (1ms)
				RefreshPlugins (1ms)
				BeforeProcessingInitializeOnLoad (113ms)
				ProcessInitializeOnLoadAttributes (300ms)
				ProcessInitializeOnLoadMethodAttributes (59ms)
				AfterProcessingInitializeOnLoad (11ms)
				EditorAssembliesLoaded (0ms)
			ExecutionOrderSort2 (0ms)
			AwakeInstancesAfterBackupRestoration (8ms)
Platform modules already initialized, skipping
========================================================================
Worker process is ready to serve import requests
Launched and connected shader compiler UnityShaderCompiler.exe after 0.07 seconds
Refreshing native plugins compatible for Editor in 0.82 ms, found 3 plugins.
Preloading 0 native plugins for Editor in 0.00 ms.
Unloading 3393 Unused Serialized files (Serialized files now loaded: 0)
Unloading 25 unused Assets / (56.1 KB). Loaded Objects now: 3858.
Memory consumption went from 118.7 MB to 118.6 MB.
Total: 5.257100 ms (FindLiveObjects: 0.417000 ms CreateObjectMapping: 0.101200 ms MarkObjects: 4.619900 ms  DeleteObjects: 0.117000 ms)

AssetImportParameters requested are different than current active one (requested -> active):
  custom:video-decoder-ogg-theora: a1e56fd34408186e4bbccfd4996cb3dc -> 
  custom:container-muxer-webm: aa71ff27fc2769a1b78a27578f13a17b -> 
  custom:container-demuxer-webm: 4f35f7cbe854078d1ac9338744f61a02 -> 
  custom:video-encoder-webm-vp8: eb34c28f22e8b96e1ab97ce403110664 -> 
  custom:video-codec-MediaFoundation-h265: 746d11721c4dcdbdad8f713fa42b33f4 -> 
  custom:audio-encoder-webm-vorbis: bf7c407c2cedff20999df2af8eb42d56 -> 
  custom:framework-win-MediaFoundation: 216162199b28c13a410421893ffa2e32 -> 
  custom:container-demuxer-ogg: 62fdf1f143b41e24485cea50d1cbac27 -> 
  custom:video-decoder-webm-vp8: 9c59270c3fd7afecdb556c50c9e8de78 -> 
  custom:audio-decoder-ogg-vorbis: bf7c407c2cedff20999df2af8eb42d56 -> 
========================================================================
Received Import Request.
  Time since last request: 19732.842493 seconds.
  path: Assets/VainSabers/SaberInverted.mat
  artifactKey: Guid(c60b73020a1109e42b1a6f3eb4517456) Importer(815301076,1909f56bfc062723c751e8b465ee728b)
Start importing Assets/VainSabers/SaberInverted.mat using Guid(c60b73020a1109e42b1a6f3eb4517456) Importer(815301076,1909f56bfc062723c751e8b465ee728b)  -> (artifact id: 'a2b1aa885f94ea7320abf60b56d812bc') in 0.268058 seconds 
========================================================================
Received Import Request.
  Time since last request: 36.761164 seconds.
  path: Assets/VainSabers/BlurPart.cginc
  artifactKey: Guid(021e30a3a10b4ddc9c6fd333516f5e21) Importer(815301076,1909f56bfc062723c751e8b465ee728b)
Start importing Assets/VainSabers/BlurPart.cginc using Guid(021e30a3a10b4ddc9c6fd333516f5e21) Importer(815301076,1909f56bfc062723c751e8b465ee728b)  -> (artifact id: 'e82ea074e7fe0cdf78bc4e3e3598ad15') in 0.004538 seconds 
========================================================================
Received Import Request.
  Time since last request: 0.000020 seconds.
  path: Assets/VainSabers/SaberInverted.mat
  artifactKey: Guid(c60b73020a1109e42b1a6f3eb4517456) Importer(815301076,1909f56bfc062723c751e8b465ee728b)
Start importing Assets/VainSabers/SaberInverted.mat using Guid(c60b73020a1109e42b1a6f3eb4517456) Importer(815301076,1909f56bfc062723c751e8b465ee728b)  -> (artifact id: 'c9b380320c62f1c0fef9fbc8a0e57184') in 0.042514 seconds 
========================================================================
Received Import Request.
  Time since last request: 15.350809 seconds.
  path: Assets/VainSabers/BlurPart.cginc
  artifactKey: Guid(021e30a3a10b4ddc9c6fd333516f5e21) Importer(815301076,1909f56bfc062723c751e8b465ee728b)
Start importing Assets/VainSabers/BlurPart.cginc using Guid(021e30a3a10b4ddc9c6fd333516f5e21) Importer(815301076,1909f56bfc062723c751e8b465ee728b)  -> (artifact id: '8f466dc854cf8f3ab0094cc0d54336a2') in 0.002672 seconds 
========================================================================
Received Import Request.
  Time since last request: 0.000023 seconds.
  path: Assets/VainSabers/SaberInverted.mat
  artifactKey: Guid(c60b73020a1109e42b1a6f3eb4517456) Importer(815301076,1909f56bfc062723c751e8b465ee728b)
Start importing Assets/VainSabers/SaberInverted.mat using Guid(c60b73020a1109e42b1a6f3eb4517456) Importer(815301076,1909f56bfc062723c751e8b465ee728b)  -> (artifact id: '93df78561bf913d6f78b99a9d849ccc9') in 0.027846 seconds 
========================================================================
Received Import Request.
  Time since last request: 15.461526 seconds.
  path: Assets/VainSabers/BlurPart.cginc
  artifactKey: Guid(021e30a3a10b4ddc9c6fd333516f5e21) Importer(815301076,1909f56bfc062723c751e8b465ee728b)
Start importing Assets/VainSabers/BlurPart.cginc using Guid(021e30a3a10b4ddc9c6fd333516f5e21) Importer(815301076,1909f56bfc062723c751e8b465ee728b)  -> (artifact id: 'ef36aa8a735d61c0dfc0a9eb32bf4425') in 0.002679 seconds 
========================================================================
Received Import Request.
  Time since last request: 0.000027 seconds.
  path: Assets/VainSabers/SaberInverted.mat
  artifactKey: Guid(c60b73020a1109e42b1a6f3eb4517456) Importer(815301076,1909f56bfc062723c751e8b465ee728b)
Start importing Assets/VainSabers/SaberInverted.mat using Guid(c60b73020a1109e42b1a6f3eb4517456) Importer(815301076,1909f56bfc062723c751e8b465ee728b)  -> (artifact id: 'e1d23574febf5fbe4a93493012ca0d27') in 0.024489 seconds 
========================================================================
Received Import Request.
  Time since last request: 20.966863 seconds.
  path: Assets/VainSabers/BlurPart.cginc
  artifactKey: Guid(021e30a3a10b4ddc9c6fd333516f5e21) Importer(815301076,1909f56bfc062723c751e8b465ee728b)
Start importing Assets/VainSabers/BlurPart.cginc using Guid(021e30a3a10b4ddc9c6fd333516f5e21) Importer(815301076,1909f56bfc062723c751e8b465ee728b)  -> (artifact id: '884a3c2c7bb5fe4053d7b87786b26640') in 0.004204 seconds 
========================================================================
Received Import Request.
  Time since last request: 0.000043 seconds.
  path: Assets/VainSabers/SaberInverted.mat
  artifactKey: Guid(c60b73020a1109e42b1a6f3eb4517456) Importer(815301076,1909f56bfc062723c751e8b465ee728b)
Start importing Assets/VainSabers/SaberInverted.mat using Guid(c60b73020a1109e42b1a6f3eb4517456) Importer(815301076,1909f56bfc062723c751e8b465ee728b)  -> (artifact id: '9176d8e8767440181a31a3cb2d134ae5') in 0.014975 seconds 
========================================================================
Received Import Request.
  Time since last request: 5.622033 seconds.
  path: Assets/VainSabers/BlurPart.cginc
  artifactKey: Guid(021e30a3a10b4ddc9c6fd333516f5e21) Importer(815301076,1909f56bfc062723c751e8b465ee728b)
Start importing Assets/VainSabers/BlurPart.cginc using Guid(021e30a3a10b4ddc9c6fd333516f5e21) Importer(815301076,1909f56bfc062723c751e8b465ee728b)  -> (artifact id: '15e94a78d522e8ce7a83fb1c6222b05e') in 0.002753 seconds 
========================================================================
Received Import Request.
  Time since last request: 0.000022 seconds.
  path: Assets/VainSabers/SaberInverted.mat
  artifactKey: Guid(c60b73020a1109e42b1a6f3eb4517456) Importer(815301076,1909f56bfc062723c751e8b465ee728b)
Start importing Assets/VainSabers/SaberInverted.mat using Guid(c60b73020a1109e42b1a6f3eb4517456) Importer(815301076,1909f56bfc062723c751e8b465ee728b)  -> (artifact id: '61a1e26cc2e638393ec400641350e028') in 0.017019 seconds 
========================================================================
Received Import Request.
  Time since last request: 8.991309 seconds.
  path: Assets/VainSabers/BlurPart.cginc
  artifactKey: Guid(021e30a3a10b4ddc9c6fd333516f5e21) Importer(815301076,1909f56bfc062723c751e8b465ee728b)
Start importing Assets/VainSabers/BlurPart.cginc using Guid(021e30a3a10b4ddc9c6fd333516f5e21) Importer(815301076,1909f56bfc062723c751e8b465ee728b)  -> (artifact id: '203262526b47fa34d3b183e2e3bee2b2') in 0.003006 seconds 
========================================================================
Received Import Request.
  Time since last request: 0.000024 seconds.
  path: Assets/VainSabers/SaberInverted.mat
  artifactKey: Guid(c60b73020a1109e42b1a6f3eb4517456) Importer(815301076,1909f56bfc062723c751e8b465ee728b)
Start importing Assets/VainSabers/SaberInverted.mat using Guid(c60b73020a1109e42b1a6f3eb4517456) Importer(815301076,1909f56bfc062723c751e8b465ee728b)  -> (artifact id: 'b9f2a802f0bc4267397e78ea3ce139b6') in 0.064710 seconds 
========================================================================
Received Import Request.
  Time since last request: 48.897606 seconds.
  path: Assets/VainSabers/BlurPart.cginc
  artifactKey: Guid(021e30a3a10b4ddc9c6fd333516f5e21) Importer(815301076,1909f56bfc062723c751e8b465ee728b)
Start importing Assets/VainSabers/BlurPart.cginc using Guid(021e30a3a10b4ddc9c6fd333516f5e21) Importer(815301076,1909f56bfc062723c751e8b465ee728b)  -> (artifact id: '6c05f67325f6e1e87cf32ffb88d9d29c') in 0.003000 seconds 
========================================================================
Received Import Request.
  Time since last request: 0.000037 seconds.
  path: Assets/VainSabers/SaberInverted.mat
  artifactKey: Guid(c60b73020a1109e42b1a6f3eb4517456) Importer(815301076,1909f56bfc062723c751e8b465ee728b)
Start importing Assets/VainSabers/SaberInverted.mat using Guid(c60b73020a1109e42b1a6f3eb4517456) Importer(815301076,1909f56bfc062723c751e8b465ee728b)  -> (artifact id: 'c30685af287f338eae9eaa75507f172a') in 0.015662 seconds 
========================================================================
Received Import Request.
  Time since last request: 13.505546 seconds.
  path: Assets/VainSabers/BlurPart.cginc
  artifactKey: Guid(021e30a3a10b4ddc9c6fd333516f5e21) Importer(815301076,1909f56bfc062723c751e8b465ee728b)
Start importing Assets/VainSabers/BlurPart.cginc using Guid(021e30a3a10b4ddc9c6fd333516f5e21) Importer(815301076,1909f56bfc062723c751e8b465ee728b)  -> (artifact id: '77318395e16a6a513d0a2880ba4b7b6e') in 0.002606 seconds 
========================================================================
Received Import Request.
  Time since last request: 0.000025 seconds.
  path: Assets/VainSabers/SaberInverted.mat
  artifactKey: Guid(c60b73020a1109e42b1a6f3eb4517456) Importer(815301076,1909f56bfc062723c751e8b465ee728b)
Start importing Assets/VainSabers/SaberInverted.mat using Guid(c60b73020a1109e42b1a6f3eb4517456) Importer(815301076,1909f56bfc062723c751e8b465ee728b)  -> (artifact id: 'd6920223319586cc53c537573f11c036') in 0.011081 seconds 
========================================================================
Received Import Request.
  Time since last request: 31.939968 seconds.
  path: Assets/VainSabers/BlurPart.cginc
  artifactKey: Guid(021e30a3a10b4ddc9c6fd333516f5e21) Importer(815301076,1909f56bfc062723c751e8b465ee728b)
Start importing Assets/VainSabers/BlurPart.cginc using Guid(021e30a3a10b4ddc9c6fd333516f5e21) Importer(815301076,1909f56bfc062723c751e8b465ee728b)  -> (artifact id: 'ce4d72bba3f6605143de39b388468886') in 0.002569 seconds 
========================================================================
Received Import Request.
  Time since last request: 0.000026 seconds.
  path: Assets/VainSabers/SaberInverted.mat
  artifactKey: Guid(c60b73020a1109e42b1a6f3eb4517456) Importer(815301076,1909f56bfc062723c751e8b465ee728b)
Start importing Assets/VainSabers/SaberInverted.mat using Guid(c60b73020a1109e42b1a6f3eb4517456) Importer(815301076,1909f56bfc062723c751e8b465ee728b)  -> (artifact id: 'dd43b47870c1a371bc1b04b47303ecd9') in 0.032080 seconds 
========================================================================
Received Import Request.
  Time since last request: 135.156316 seconds.
  path: Assets/VainSabers/BlurPart.cginc
  artifactKey: Guid(021e30a3a10b4ddc9c6fd333516f5e21) Importer(815301076,1909f56bfc062723c751e8b465ee728b)
Start importing Assets/VainSabers/BlurPart.cginc using Guid(021e30a3a10b4ddc9c6fd333516f5e21) Importer(815301076,1909f56bfc062723c751e8b465ee728b)  -> (artifact id: '5f18658d3cbb0f05ec2bba6a5857d33f') in 0.002864 seconds 
========================================================================
Received Import Request.
  Time since last request: 0.000024 seconds.
  path: Assets/VainSabers/SaberInverted.mat
  artifactKey: Guid(c60b73020a1109e42b1a6f3eb4517456) Importer(815301076,1909f56bfc062723c751e8b465ee728b)
Start importing Assets/VainSabers/SaberInverted.mat using Guid(c60b73020a1109e42b1a6f3eb4517456) Importer(815301076,1909f56bfc062723c751e8b465ee728b)  -> (artifact id: 'cca869deceafbb85b2f75dba16357d15') in 0.030961 seconds 
========================================================================
Received Import Request.
  Time since last request: 75.929184 seconds.
  path: Assets/VainSabers/BlurPart.cginc
  artifactKey: Guid(021e30a3a10b4ddc9c6fd333516f5e21) Importer(815301076,1909f56bfc062723c751e8b465ee728b)
Start importing Assets/VainSabers/BlurPart.cginc using Guid(021e30a3a10b4ddc9c6fd333516f5e21) Importer(815301076,1909f56bfc062723c751e8b465ee728b)  -> (artifact id: 'bd4efce6e0ab591a24080bf69d2faf5f') in 0.002529 seconds 
========================================================================
Received Import Request.
  Time since last request: 0.000023 seconds.
  path: Assets/VainSabers/SaberInverted.mat
  artifactKey: Guid(c60b73020a1109e42b1a6f3eb4517456) Importer(815301076,1909f56bfc062723c751e8b465ee728b)
Start importing Assets/VainSabers/SaberInverted.mat using Guid(c60b73020a1109e42b1a6f3eb4517456) Importer(815301076,1909f56bfc062723c751e8b465ee728b)  -> (artifact id: '1d6375812777bd9acd28976bc437b92a') in 0.047664 seconds 
========================================================================
Received Import Request.
  Time since last request: 4.752764 seconds.
  path: Assets/VainSabers/BlurPart.cginc
  artifactKey: Guid(021e30a3a10b4ddc9c6fd333516f5e21) Importer(815301076,1909f56bfc062723c751e8b465ee728b)
Start importing Assets/VainSabers/BlurPart.cginc using Guid(021e30a3a10b4ddc9c6fd333516f5e21) Importer(815301076,1909f56bfc062723c751e8b465ee728b)  -> (artifact id: 'fff62c989adde4dc903c4be5d64e7304') in 0.002762 seconds 
========================================================================
Received Import Request.
  Time since last request: 0.000031 seconds.
  path: Assets/VainSabers/SaberInverted.mat
  artifactKey: Guid(c60b73020a1109e42b1a6f3eb4517456) Importer(815301076,1909f56bfc062723c751e8b465ee728b)
Start importing Assets/VainSabers/SaberInverted.mat using Guid(c60b73020a1109e42b1a6f3eb4517456) Importer(815301076,1909f56bfc062723c751e8b465ee728b)  -> (artifact id: '00264a77cd4bd80e972bbc2a21ef449c') in 0.012425 seconds 
========================================================================
Received Prepare
Registering precompiled user dll's ...
Registered in 0.009681 seconds.
Begin MonoManager ReloadAssembly
Symbol file LoadedFromMemory doesn't match image C:\Users\dbasp\VainSabers asset creation\Library\PackageCache\com.unity.visualscripting@1.7.8\Editor\VisualScripting.Core\Dependencies\YamlDotNet\Unity.VisualScripting.YamlDotNet.dll
Symbol file LoadedFromMemory doesn't match image C:\Users\dbasp\VainSabers asset creation\Library\PackageCache\com.unity.visualscripting@1.7.8\Editor\VisualScripting.Core\Dependencies\DotNetZip\Unity.VisualScripting.IonicZip.dll
Native extension for WindowsStandalone target not found
Refreshing native plugins compatible for Editor in 0.66 ms, found 3 plugins.
Preloading 0 native plugins for Editor in 0.00 ms.
Mono: successfully reloaded assembly
- Completed reload, in  1.205 seconds
Domain Reload Profiling:
	ReloadAssembly (1206ms)
		BeginReloadAssembly (168ms)
			ExecutionOrderSort (0ms)
			DisableScriptedObjects (5ms)
			BackupInstance (0ms)
			ReleaseScriptingObjects (0ms)
			CreateAndSetChildDomain (50ms)
		EndReloadAssembly (912ms)
			LoadAssemblies (106ms)
			RebuildTransferFunctionScriptingTraits (0ms)
			SetupTypeCache (304ms)
			ReleaseScriptCaches (1ms)
			RebuildScriptCaches (56ms)
			SetupLoadedEditorAssemblies (389ms)
				LogAssemblyErrors (0ms)
				InitializePlatformSupportModulesInManaged (16ms)
				SetLoadedEditorAssemblies (1ms)
				RefreshPlugins (1ms)
				BeforeProcessingInitializeOnLoad (84ms)
				ProcessInitializeOnLoadAttributes (249ms)
				ProcessInitializeOnLoadMethodAttributes (28ms)
				AfterProcessingInitializeOnLoad (10ms)
				EditorAssembliesLoaded (0ms)
			ExecutionOrderSort2 (0ms)
			AwakeInstancesAfterBackupRestoration (7ms)
Platform modules already initialized, skipping
Refreshing native plugins compatible for Editor in 2.49 ms, found 3 plugins.
Preloading 0 native plugins for Editor in 0.00 ms.
Unloading 3373 Unused Serialized files (Serialized files now loaded: 0)
Unloading 18 unused Assets / (24.7 KB). Loaded Objects now: 3902.
Memory consumption went from 121.7 MB to 121.7 MB.
Total: 4.218800 ms (FindLiveObjects: 0.411600 ms CreateObjectMapping: 0.089300 ms MarkObjects: 3.679500 ms  DeleteObjects: 0.036800 ms)

AssetImportParameters requested are different than current active one (requested -> active):
  custom:video-decoder-ogg-theora: a1e56fd34408186e4bbccfd4996cb3dc -> 
  custom:container-muxer-webm: aa71ff27fc2769a1b78a27578f13a17b -> 
  custom:container-demuxer-webm: 4f35f7cbe854078d1ac9338744f61a02 -> 
  custom:video-encoder-webm-vp8: eb34c28f22e8b96e1ab97ce403110664 -> 
  custom:video-codec-MediaFoundation-h265: 746d11721c4dcdbdad8f713fa42b33f4 -> 
  custom:audio-encoder-webm-vorbis: bf7c407c2cedff20999df2af8eb42d56 -> 
  custom:framework-win-MediaFoundation: 216162199b28c13a410421893ffa2e32 -> 
  custom:container-demuxer-ogg: 62fdf1f143b41e24485cea50d1cbac27 -> 
  custom:video-decoder-webm-vp8: 9c59270c3fd7afecdb556c50c9e8de78 -> 
  custom:audio-decoder-ogg-vorbis: bf7c407c2cedff20999df2af8eb42d56 -> 
========================================================================
Received Import Request.
  Time since last request: 239.817529 seconds.
  path: Assets/VainSabers/BlurPart.cginc
  artifactKey: Guid(021e30a3a10b4ddc9c6fd333516f5e21) Importer(815301076,1909f56bfc062723c751e8b465ee728b)
Start importing Assets/VainSabers/BlurPart.cginc using Guid(021e30a3a10b4ddc9c6fd333516f5e21) Importer(815301076,1909f56bfc062723c751e8b465ee728b)  -> (artifact id: 'a5834d511aa4df8f56be77d9b79cb526') in 0.023821 seconds 
========================================================================
Received Import Request.
  Time since last request: 0.000022 seconds.
  path: Assets/VainSabers/SaberInverted.mat
  artifactKey: Guid(c60b73020a1109e42b1a6f3eb4517456) Importer(815301076,1909f56bfc062723c751e8b465ee728b)
Start importing Assets/VainSabers/SaberInverted.mat using Guid(c60b73020a1109e42b1a6f3eb4517456) Importer(815301076,1909f56bfc062723c751e8b465ee728b)  -> (artifact id: 'abe2cb5ee3fb1e8bad832714aecf61ca') in 0.225546 seconds 
========================================================================
Received Import Request.
  Time since last request: 132.589310 seconds.
  path: Assets/VainSabers/SaberLitInverted.mat
  artifactKey: Guid(61dcf9d6fc4cb2244885b842d7192c3c) Importer(815301076,1909f56bfc062723c751e8b465ee728b)
Start importing Assets/VainSabers/SaberLitInverted.mat using Guid(61dcf9d6fc4cb2244885b842d7192c3c) Importer(815301076,1909f56bfc062723c751e8b465ee728b)  -> (artifact id: '26231cbd4ed442172c90f61f19bb042f') in 0.343824 seconds 
========================================================================
Received Prepare
Registering precompiled user dll's ...
Registered in 0.007495 seconds.
Begin MonoManager ReloadAssembly
Symbol file LoadedFromMemory doesn't match image C:\Users\dbasp\VainSabers asset creation\Library\PackageCache\com.unity.visualscripting@1.7.8\Editor\VisualScripting.Core\Dependencies\YamlDotNet\Unity.VisualScripting.YamlDotNet.dll
Symbol file LoadedFromMemory doesn't match image C:\Users\dbasp\VainSabers asset creation\Library\PackageCache\com.unity.visualscripting@1.7.8\Editor\VisualScripting.Core\Dependencies\DotNetZip\Unity.VisualScripting.IonicZip.dll
Native extension for WindowsStandalone target not found
Refreshing native plugins compatible for Editor in 0.77 ms, found 3 plugins.
Preloading 0 native plugins for Editor in 0.00 ms.
Mono: successfully reloaded assembly
- Completed reload, in  1.350 seconds
Domain Reload Profiling:
	ReloadAssembly (1352ms)
		BeginReloadAssembly (253ms)
			ExecutionOrderSort (0ms)
			DisableScriptedObjects (9ms)
			BackupInstance (0ms)
			ReleaseScriptingObjects (0ms)
			CreateAndSetChildDomain (100ms)
		EndReloadAssembly (956ms)
			LoadAssemblies (118ms)
			RebuildTransferFunctionScriptingTraits (0ms)
			SetupTypeCache (322ms)
			ReleaseScriptCaches (1ms)
			RebuildScriptCaches (49ms)
			SetupLoadedEditorAssemblies (426ms)
				LogAssemblyErrors (0ms)
				InitializePlatformSupportModulesInManaged (16ms)
				SetLoadedEditorAssemblies (1ms)
				RefreshPlugins (1ms)
				BeforeProcessingInitializeOnLoad (93ms)
				ProcessInitializeOnLoadAttributes (271ms)
				ProcessInitializeOnLoadMethodAttributes (33ms)
				AfterProcessingInitializeOnLoad (11ms)
				EditorAssembliesLoaded (0ms)
			ExecutionOrderSort2 (0ms)
			AwakeInstancesAfterBackupRestoration (7ms)
Platform modules already initialized, skipping
Refreshing native plugins compatible for Editor in 2.38 ms, found 3 plugins.
Preloading 0 native plugins for Editor in 0.00 ms.
Unloading 3373 Unused Serialized files (Serialized files now loaded: 0)
Unloading 18 unused Assets / (24.6 KB). Loaded Objects now: 3905.
Memory consumption went from 121.8 MB to 121.7 MB.
Total: 3.898300 ms (FindLiveObjects: 0.374900 ms CreateObjectMapping: 0.078100 ms MarkObjects: 3.415000 ms  DeleteObjects: 0.028800 ms)

AssetImportParameters requested are different than current active one (requested -> active):
  custom:video-decoder-ogg-theora: a1e56fd34408186e4bbccfd4996cb3dc -> 
  custom:container-muxer-webm: aa71ff27fc2769a1b78a27578f13a17b -> 
  custom:container-demuxer-webm: 4f35f7cbe854078d1ac9338744f61a02 -> 
  custom:video-encoder-webm-vp8: eb34c28f22e8b96e1ab97ce403110664 -> 
  custom:video-codec-MediaFoundation-h265: 746d11721c4dcdbdad8f713fa42b33f4 -> 
  custom:audio-encoder-webm-vorbis: bf7c407c2cedff20999df2af8eb42d56 -> 
  custom:framework-win-MediaFoundation: 216162199b28c13a410421893ffa2e32 -> 
  custom:container-demuxer-ogg: 62fdf1f143b41e24485cea50d1cbac27 -> 
  custom:video-decoder-webm-vp8: 9c59270c3fd7afecdb556c50c9e8de78 -> 
  custom:audio-decoder-ogg-vorbis: bf7c407c2cedff20999df2af8eb42d56 -> 
========================================================================
Received Prepare
Registering precompiled user dll's ...
Registered in 0.008924 seconds.
Begin MonoManager ReloadAssembly
Symbol file LoadedFromMemory doesn't match image C:\Users\dbasp\VainSabers asset creation\Library\PackageCache\com.unity.visualscripting@1.7.8\Editor\VisualScripting.Core\Dependencies\YamlDotNet\Unity.VisualScripting.YamlDotNet.dll
Symbol file LoadedFromMemory doesn't match image C:\Users\dbasp\VainSabers asset creation\Library\PackageCache\com.unity.visualscripting@1.7.8\Editor\VisualScripting.Core\Dependencies\DotNetZip\Unity.VisualScripting.IonicZip.dll
Native extension for WindowsStandalone target not found
Refreshing native plugins compatible for Editor in 0.63 ms, found 3 plugins.
Preloading 0 native plugins for Editor in 0.00 ms.
Mono: successfully reloaded assembly
- Completed reload, in  1.297 seconds
Domain Reload Profiling:
	ReloadAssembly (1297ms)
		BeginReloadAssembly (174ms)
			ExecutionOrderSort (0ms)
			DisableScriptedObjects (7ms)
			BackupInstance (0ms)
			ReleaseScriptingObjects (0ms)
			CreateAndSetChildDomain (46ms)
		EndReloadAssembly (1000ms)
			LoadAssemblies (111ms)
			RebuildTransferFunctionScriptingTraits (0ms)
			SetupTypeCache (293ms)
			ReleaseScriptCaches (1ms)
			RebuildScriptCaches (57ms)
			SetupLoadedEditorAssemblies (488ms)
				LogAssemblyErrors (0ms)
				InitializePlatformSupportModulesInManaged (14ms)
				SetLoadedEditorAssemblies (1ms)
				RefreshPlugins (1ms)
				BeforeProcessingInitializeOnLoad (83ms)
				ProcessInitializeOnLoadAttributes (348ms)
				ProcessInitializeOnLoadMethodAttributes (30ms)
				AfterProcessingInitializeOnLoad (11ms)
				EditorAssembliesLoaded (0ms)
			ExecutionOrderSort2 (0ms)
			AwakeInstancesAfterBackupRestoration (9ms)
Platform modules already initialized, skipping
Refreshing native plugins compatible for Editor in 2.41 ms, found 3 plugins.
Preloading 0 native plugins for Editor in 0.00 ms.
Unloading 3373 Unused Serialized files (Serialized files now loaded: 0)
Unloading 18 unused Assets / (24.7 KB). Loaded Objects now: 3908.
Memory consumption went from 121.7 MB to 121.6 MB.
Total: 3.531700 ms (FindLiveObjects: 0.367500 ms CreateObjectMapping: 0.085500 ms MarkObjects: 3.047900 ms  DeleteObjects: 0.029300 ms)

AssetImportParameters requested are different than current active one (requested -> active):
  custom:video-decoder-ogg-theora: a1e56fd34408186e4bbccfd4996cb3dc -> 
  custom:container-muxer-webm: aa71ff27fc2769a1b78a27578f13a17b -> 
  custom:container-demuxer-webm: 4f35f7cbe854078d1ac9338744f61a02 -> 
  custom:video-encoder-webm-vp8: eb34c28f22e8b96e1ab97ce403110664 -> 
  custom:video-codec-MediaFoundation-h265: 746d11721c4dcdbdad8f713fa42b33f4 -> 
  custom:audio-encoder-webm-vorbis: bf7c407c2cedff20999df2af8eb42d56 -> 
  custom:framework-win-MediaFoundation: 216162199b28c13a410421893ffa2e32 -> 
  custom:container-demuxer-ogg: 62fdf1f143b41e24485cea50d1cbac27 -> 
  custom:video-decoder-webm-vp8: 9c59270c3fd7afecdb556c50c9e8de78 -> 
  custom:audio-decoder-ogg-vorbis: bf7c407c2cedff20999df2af8eb42d56 -> 
========================================================================
Received Import Request.
  Time since last request: 202.182043 seconds.
  path: Assets/VainSabers/SaberLitInverted.mat
  artifactKey: Guid(61dcf9d6fc4cb2244885b842d7192c3c) Importer(815301076,1909f56bfc062723c751e8b465ee728b)
Start importing Assets/VainSabers/SaberLitInverted.mat using Guid(61dcf9d6fc4cb2244885b842d7192c3c) Importer(815301076,1909f56bfc062723c751e8b465ee728b)  -> (artifact id: '775c69f8ed6b3c5a8520bde4c2a669d7') in 0.112729 seconds 
========================================================================
Received Import Request.
  Time since last request: 6.303301 seconds.
  path: Assets/VainSabers/BlurPart.cginc
  artifactKey: Guid(021e30a3a10b4ddc9c6fd333516f5e21) Importer(815301076,1909f56bfc062723c751e8b465ee728b)
Start importing Assets/VainSabers/BlurPart.cginc using Guid(021e30a3a10b4ddc9c6fd333516f5e21) Importer(815301076,1909f56bfc062723c751e8b465ee728b)  -> (artifact id: '4c0a74020a31c591b23ad2d808bc5f52') in 0.002886 seconds 
========================================================================
Received Import Request.
  Time since last request: 0.034965 seconds.
  path: Assets/VainSabers/SaberInverted.mat
  artifactKey: Guid(c60b73020a1109e42b1a6f3eb4517456) Importer(815301076,1909f56bfc062723c751e8b465ee728b)
Start importing Assets/VainSabers/SaberInverted.mat using Guid(c60b73020a1109e42b1a6f3eb4517456) Importer(815301076,1909f56bfc062723c751e8b465ee728b)  -> (artifact id: 'ae25d1b3dd4875a20d04a8b503d62f80') in 0.013586 seconds 
========================================================================
Received Import Request.
  Time since last request: 0.000038 seconds.
  path: Assets/VainSabers/SaberLit.mat
  artifactKey: Guid(d5edf0f459aa3c64e9ca9d4a1e4e087f) Importer(815301076,1909f56bfc062723c751e8b465ee728b)
Start importing Assets/VainSabers/SaberLit.mat using Guid(d5edf0f459aa3c64e9ca9d4a1e4e087f) Importer(815301076,1909f56bfc062723c751e8b465ee728b)  -> (artifact id: '8e64554dfbff5ddb6acb164533dd579b') in 0.018776 seconds 
========================================================================
Received Import Request.
  Time since last request: 11.443744 seconds.
  path: Assets/VainSabers/Saber.mat
  artifactKey: Guid(19f8b4960e2902543b79b32c3c395bef) Importer(815301076,1909f56bfc062723c751e8b465ee728b)
Start importing Assets/VainSabers/Saber.mat using Guid(19f8b4960e2902543b79b32c3c395bef) Importer(815301076,1909f56bfc062723c751e8b465ee728b)  -> (artifact id: '8506be8bf8e06f2534c90ca0052b4fc5') in 0.016281 seconds 
========================================================================
Received Import Request.
  Time since last request: 0.000026 seconds.
  path: Assets/VainSabers/SaberLit.mat
  artifactKey: Guid(d5edf0f459aa3c64e9ca9d4a1e4e087f) Importer(815301076,1909f56bfc062723c751e8b465ee728b)
Start importing Assets/VainSabers/SaberLit.mat using Guid(d5edf0f459aa3c64e9ca9d4a1e4e087f) Importer(815301076,1909f56bfc062723c751e8b465ee728b)  -> (artifact id: 'f0d863f113400989294238131720de85') in 0.018922 seconds 
Editor requested this worker to shutdown with reason: Scaling down because of idle timeout
AssetImportWorker is now disconnected from the server
Process exiting
Exiting without the bug reporter. Application will terminate with return code 0